#
# There is insufficient memory for the Java Runtime Environment to continue.
# Native memory allocation (malloc) failed to allocate 1220336 bytes for Chunk::new
# Possible reasons:
#   The system is out of physical RAM or swap space
#   The process is running with CompressedOops enabled, and the Java Heap may be blocking the growth of the native heap
# Possible solutions:
#   Reduce memory load on the system
#   Increase physical memory or swap space
#   Check if swap backing store is full
#   Decrease Java heap size (-Xmx/-Xms)
#   Decrease number of Java threads
#   Decrease Java thread stack sizes (-Xss)
#   Set larger code cache with -XX:ReservedCodeCacheSize=
#   JVM is running with Unscaled Compressed Oops mode in which the Java heap is
#     placed in the first 4GB address space. The Java Heap base address is the
#     maximum limit for the native heap growth. Please use -XX:HeapBaseMinAddress
#     to set the Java Heap base and to place the Java Heap above 4GB virtual address.
# This output file may be truncated or incomplete.
#
#  Out of Memory Error (arena.cpp:197), pid=30716, tid=29968
#
# JRE version: OpenJDK Runtime Environment Microsoft-8035250 (11.0.20+8) (build 11.0.20+8-LTS)
# Java VM: OpenJDK 64-Bit Server VM Microsoft-8035250 (11.0.20+8-LTS, mixed mode, tiered, compressed oops, g1 gc, windows-amd64)
# No core dump will be written. Minidumps are not enabled by default on client versions of Windows
#

---------------  S U M M A R Y ------------

Command Line: -XX:MaxMetaspaceSize=512m --add-opens=java.base/java.util=ALL-UNNAMED --add-opens=java.base/java.lang=ALL-UNNAMED --add-opens=java.base/java.lang.invoke=ALL-UNNAMED --add-opens=java.prefs/java.util.prefs=ALL-UNNAMED --add-opens=java.base/java.nio.charset=ALL-UNNAMED --add-opens=java.base/java.net=ALL-UNNAMED --add-opens=java.base/java.util.concurrent.atomic=ALL-UNNAMED -Xmx2048m -Dfile.encoding=windows-1252 -Duser.country=GB -Duser.language=en -Duser.variant org.gradle.launcher.daemon.bootstrap.GradleDaemon 8.0.1

Host: 12th Gen Intel(R) Core(TM) i5-1240P, 16 cores, 15G,  Windows 11 , 64 bit Build 22621 (10.0.22621.3235)
Time: Sun Apr 21 13:00:34 2024 India Standard Time elapsed time: 6.484123 seconds (0d 0h 0m 6s)

---------------  T H R E A D  ---------------

Current thread (0x00000283a7335000):  JavaThread "C2 CompilerThread0" daemon [_thread_in_native, id=29968, stack(0x00000083c9c00000,0x00000083c9d00000)]


Current CompileTask:
C2:   6484 2928   !   4       java.lang.reflect.Executable::declaredAnnotations (85 bytes)

Stack: [0x00000083c9c00000,0x00000083c9d00000]
Native frames: (J=compiled Java code, j=interpreted, Vv=VM code, C=native code)
V  [jvm.dll+0x62e9da]
V  [jvm.dll+0x7bc4e9]
V  [jvm.dll+0x7bdbd8]
V  [jvm.dll+0x7be2b3]
V  [jvm.dll+0x2505a8]
V  [jvm.dll+0xc263c]
V  [jvm.dll+0xc2bfc]
V  [jvm.dll+0x35fd82]
V  [jvm.dll+0x32bf13]
V  [jvm.dll+0x32b24a]
V  [jvm.dll+0x2097e3]
V  [jvm.dll+0x20893d]
V  [jvm.dll+0x18a7de]
V  [jvm.dll+0x2181ec]
V  [jvm.dll+0x21642b]
V  [jvm.dll+0x77efc0]
V  [jvm.dll+0x777db4]
V  [jvm.dll+0x62d845]
C  [ucrtbase.dll+0x29363]
C  [KERNEL32.DLL+0x1257d]
C  [ntdll.dll+0x5aa58]


---------------  P R O C E S S  ---------------

Threads class SMR info:
_java_thread_list=0x00000283aa721060, length=34, elements={
0x0000028384eb6800, 0x00000283a72d1800, 0x00000283a72dc800, 0x00000283a7331800,
0x00000283a7333000, 0x00000283a7334000, 0x00000283a7335000, 0x00000283a7355000,
0x00000283a735e800, 0x00000283a7492800, 0x00000283a74b6800, 0x00000283a74cf800,
0x00000283a847c000, 0x00000283a9448000, 0x00000283a99d8000, 0x00000283a788c000,
0x00000283a94b3000, 0x00000283aa0a2000, 0x00000283aa694000, 0x00000283aa45c000,
0x00000283a8c14800, 0x00000283a96ce800, 0x00000283a8f61000, 0x00000283a8f61800,
0x00000283a8f65800, 0x00000283a8f60000, 0x00000283a8f63800, 0x00000283a8f65000,
0x00000283a8f66800, 0x00000283a8f62800, 0x00000283a8f64000, 0x00000283a8a29000,
0x00000283a8a2e000, 0x00000283a8a2a800
}

Java Threads: ( => current thread )
  0x0000028384eb6800 JavaThread "main" [_thread_blocked, id=31176, stack(0x00000083c9000000,0x00000083c9100000)]
  0x00000283a72d1800 JavaThread "Reference Handler" daemon [_thread_blocked, id=23876, stack(0x00000083c9700000,0x00000083c9800000)]
  0x00000283a72dc800 JavaThread "Finalizer" daemon [_thread_blocked, id=31676, stack(0x00000083c9800000,0x00000083c9900000)]
  0x00000283a7331800 JavaThread "Signal Dispatcher" daemon [_thread_blocked, id=19196, stack(0x00000083c9900000,0x00000083c9a00000)]
  0x00000283a7333000 JavaThread "Attach Listener" daemon [_thread_blocked, id=2680, stack(0x00000083c9a00000,0x00000083c9b00000)]
  0x00000283a7334000 JavaThread "Service Thread" daemon [_thread_blocked, id=30984, stack(0x00000083c9b00000,0x00000083c9c00000)]
=>0x00000283a7335000 JavaThread "C2 CompilerThread0" daemon [_thread_in_native, id=29968, stack(0x00000083c9c00000,0x00000083c9d00000)]
  0x00000283a7355000 JavaThread "C1 CompilerThread0" daemon [_thread_blocked, id=31504, stack(0x00000083c9d00000,0x00000083c9e00000)]
  0x00000283a735e800 JavaThread "Sweeper thread" daemon [_thread_blocked, id=21004, stack(0x00000083c9e00000,0x00000083c9f00000)]
  0x00000283a7492800 JavaThread "C1 CompilerThread1" daemon [_thread_blocked, id=14736, stack(0x00000083c9f00000,0x00000083ca000000)]
  0x00000283a74b6800 JavaThread "C1 CompilerThread2" daemon [_thread_blocked, id=29640, stack(0x00000083ca000000,0x00000083ca100000)]
  0x00000283a74cf800 JavaThread "Common-Cleaner" daemon [_thread_blocked, id=23424, stack(0x00000083ca100000,0x00000083ca200000)]
  0x00000283a847c000 JavaThread "C1 CompilerThread3" daemon [_thread_blocked, id=9644, stack(0x00000083ca900000,0x00000083caa00000)]
  0x00000283a9448000 JavaThread "Daemon health stats" [_thread_blocked, id=18288, stack(0x00000083caa00000,0x00000083cab00000)]
  0x00000283a99d8000 JavaThread "Incoming local TCP Connector on port 62233" [_thread_in_native, id=30172, stack(0x00000083ca300000,0x00000083ca400000)]
  0x00000283a788c000 JavaThread "Daemon periodic checks" [_thread_blocked, id=30176, stack(0x00000083cab00000,0x00000083cac00000)]
  0x00000283a94b3000 JavaThread "Daemon" [_thread_blocked, id=29964, stack(0x00000083cac00000,0x00000083cad00000)]
  0x00000283aa0a2000 JavaThread "Handler for socket connection from /127.0.0.1:62233 to /127.0.0.1:62234" [_thread_in_native, id=30080, stack(0x00000083cad00000,0x00000083cae00000)]
  0x00000283aa694000 JavaThread "Cancel handler" [_thread_blocked, id=7160, stack(0x00000083cae00000,0x00000083caf00000)]
  0x00000283aa45c000 JavaThread "Daemon worker" [_thread_in_vm, id=30876, stack(0x00000083caf00000,0x00000083cb000000)]
  0x00000283a8c14800 JavaThread "Asynchronous log dispatcher for DefaultDaemonConnection: socket connection from /127.0.0.1:62233 to /127.0.0.1:62234" [_thread_blocked, id=13988, stack(0x00000083cb000000,0x00000083cb100000)]
  0x00000283a96ce800 JavaThread "Stdin handler" [_thread_blocked, id=26120, stack(0x00000083cb100000,0x00000083cb200000)]
  0x00000283a8f61000 JavaThread "Daemon client event forwarder" [_thread_blocked, id=30968, stack(0x00000083cb200000,0x00000083cb300000)]
  0x00000283a8f61800 JavaThread "Cache worker for journal cache (C:\Users\Techbumbles\.gradle\caches\journal-1)" [_thread_blocked, id=3964, stack(0x00000083cbc00000,0x00000083cbd00000)]
  0x00000283a8f65800 JavaThread "File lock request listener" [_thread_in_native, id=30520, stack(0x00000083cbd00000,0x00000083cbe00000)]
  0x00000283a8f60000 JavaThread "Cache worker for file hash cache (C:\Users\Techbumbles\.gradle\caches\8.0.1\fileHashes)" [_thread_blocked, id=27392, stack(0x00000083cbe00000,0x00000083cbf00000)]
  0x00000283a8f63800 JavaThread "File watcher server" daemon [_thread_in_native, id=31940, stack(0x00000083cbf00000,0x00000083cc000000)]
  0x00000283a8f65000 JavaThread "File watcher consumer" daemon [_thread_blocked, id=31944, stack(0x00000083cc000000,0x00000083cc100000)]
  0x00000283a8f66800 JavaThread "Cache worker for checksums cache (E:\Itero\cubbie_mediamanager_migration\android\.gradle\8.0.1\checksums)" [_thread_blocked, id=31952, stack(0x00000083cc100000,0x00000083cc200000)]
  0x00000283a8f62800 JavaThread "Cache worker for cache directory md-rule (C:\Users\Techbumbles\.gradle\caches\8.0.1\md-rule)" [_thread_blocked, id=31956, stack(0x00000083cc200000,0x00000083cc300000)]
  0x00000283a8f64000 JavaThread "Cache worker for file content cache (C:\Users\Techbumbles\.gradle\caches\8.0.1\fileContent)" [_thread_blocked, id=31960, stack(0x00000083cc300000,0x00000083cc400000)]
  0x00000283a8a29000 JavaThread "Cache worker for file hash cache (E:\Itero\cubbie_mediamanager_migration\android\.gradle\8.0.1\fileHashes)" [_thread_blocked, id=31964, stack(0x00000083cc400000,0x00000083cc500000)]
  0x00000283a8a2e000 JavaThread "Cache worker for cache directory md-supplier (C:\Users\Techbumbles\.gradle\caches\8.0.1\md-supplier)" [_thread_blocked, id=31968, stack(0x00000083cc500000,0x00000083cc600000)]
  0x00000283a8a2a800 JavaThread "Cache worker for execution history cache (C:\Users\Techbumbles\.gradle\caches\8.0.1\executionHistory)" [_thread_blocked, id=31976, stack(0x00000083cc600000,0x00000083cc700000)]

Other Threads:
  0x00000283a72cc000 VMThread "VM Thread" [stack: 0x00000083c9600000,0x00000083c9700000] [id=31024]
  0x00000283a74d6000 WatcherThread [stack: 0x00000083ca200000,0x00000083ca300000] [id=27828]
  0x0000028384ed0000 GCTaskThread "GC Thread#0" [stack: 0x00000083c9100000,0x00000083c9200000] [id=8848]
  0x00000283a8168800 GCTaskThread "GC Thread#1" [stack: 0x00000083ca400000,0x00000083ca500000] [id=30868]
  0x00000283a87c2000 GCTaskThread "GC Thread#2" [stack: 0x00000083ca500000,0x00000083ca600000] [id=11828]
  0x00000283a874f800 GCTaskThread "GC Thread#3" [stack: 0x00000083ca600000,0x00000083ca700000] [id=14060]
  0x00000283a86ad000 GCTaskThread "GC Thread#4" [stack: 0x00000083ca700000,0x00000083ca800000] [id=19216]
  0x00000283a858a000 GCTaskThread "GC Thread#5" [stack: 0x00000083ca800000,0x00000083ca900000] [id=9864]
  0x00000283a9c47000 GCTaskThread "GC Thread#6" [stack: 0x00000083cb300000,0x00000083cb400000] [id=24140]
  0x00000283aa528800 GCTaskThread "GC Thread#7" [stack: 0x00000083cb400000,0x00000083cb500000] [id=30480]
  0x00000283aa529000 GCTaskThread "GC Thread#8" [stack: 0x00000083cb500000,0x00000083cb600000] [id=30360]
  0x00000283a9c4c000 GCTaskThread "GC Thread#9" [stack: 0x00000083cb600000,0x00000083cb700000] [id=15844]
  0x00000283a9c4d000 GCTaskThread "GC Thread#10" [stack: 0x00000083cb700000,0x00000083cb800000] [id=29936]
  0x00000283aa524800 GCTaskThread "GC Thread#11" [stack: 0x00000083cb800000,0x00000083cb900000] [id=2380]
  0x00000283aa525000 GCTaskThread "GC Thread#12" [stack: 0x00000083cb900000,0x00000083cba00000] [id=23504]
  0x0000028384f02800 ConcurrentGCThread "G1 Main Marker" [stack: 0x00000083c9200000,0x00000083c9300000] [id=11532]
  0x0000028384f04000 ConcurrentGCThread "G1 Conc#0" [stack: 0x00000083c9300000,0x00000083c9400000] [id=18280]
  0x00000283a9e03800 ConcurrentGCThread "G1 Conc#1" [stack: 0x00000083cba00000,0x00000083cbb00000] [id=7780]
  0x00000283a9e04800 ConcurrentGCThread "G1 Conc#2" [stack: 0x00000083cbb00000,0x00000083cbc00000] [id=24840]
  0x00000283a693d000 ConcurrentGCThread "G1 Refine#0" [stack: 0x00000083c9400000,0x00000083c9500000] [id=21628]
  0x00000283a693f000 ConcurrentGCThread "G1 Young RemSet Sampling" [stack: 0x00000083c9500000,0x00000083c9600000] [id=25820]

Threads with active compile tasks:
C2 CompilerThread0     6497 2928   !   4       java.lang.reflect.Executable::declaredAnnotations (85 bytes)

VM state:not at safepoint (normal execution)

VM Mutex/Monitor currently owned by a thread:  ([mutex/lock_event])
[0x0000028384eb5ec0] SystemDictionary_lock - owner thread: 0x0000000000000000

Heap address: 0x0000000080000000, size: 2048 MB, Compressed Oops mode: 32-bit
Narrow klass base: 0x0000000000000000, Narrow klass shift: 3
Compressed class space size: 528482304 Address: 0x0000000100000000

Heap:
 garbage-first heap   total 258048K, used 28300K [0x0000000080000000, 0x0000000100000000)
  region size 1024K, 11 young (11264K), 4 survivors (4096K)
 Metaspace       used 32244K, capacity 32905K, committed 33072K, reserved 544768K
  class space    used 4208K, capacity 4479K, committed 4480K, reserved 516096K
Heap Regions: E=young(eden), S=young(survivor), O=old, HS=humongous(starts), HC=humongous(continues), CS=collection set, F=free, A=archive, TAMS=top-at-mark-start (previous, next)
|   0|0x0000000080000000, 0x0000000080100000, 0x0000000080100000|100%|HS|  |TAMS 0x0000000080100000, 0x0000000080000000| Complete 
|   1|0x0000000080100000, 0x0000000080200000, 0x0000000080200000|100%|HC|  |TAMS 0x0000000080200000, 0x0000000080100000| Complete 
|   2|0x0000000080200000, 0x0000000080300000, 0x0000000080300000|100%|HC|  |TAMS 0x0000000080300000, 0x0000000080200000| Complete 
|   3|0x0000000080300000, 0x0000000080400000, 0x0000000080400000|100%|HC|  |TAMS 0x0000000080400000, 0x0000000080300000| Complete 
|   4|0x0000000080400000, 0x0000000080500000, 0x0000000080500000|100%| O|  |TAMS 0x0000000080500000, 0x0000000080400000| Untracked 
|   5|0x0000000080500000, 0x0000000080600000, 0x0000000080600000|100%| O|  |TAMS 0x0000000080600000, 0x0000000080500000| Untracked 
|   6|0x0000000080600000, 0x0000000080700000, 0x0000000080700000|100%| O|  |TAMS 0x0000000080700000, 0x0000000080600000| Untracked 
|   7|0x0000000080700000, 0x0000000080800000, 0x0000000080800000|100%| O|  |TAMS 0x000000008073b200, 0x0000000080700000| Untracked 
|   8|0x0000000080800000, 0x0000000080900000, 0x0000000080900000|100%| O|  |TAMS 0x0000000080800000, 0x0000000080800000| Untracked 
|   9|0x0000000080900000, 0x0000000080a00000, 0x0000000080a00000|100%| O|  |TAMS 0x0000000080900000, 0x0000000080900000| Untracked 
|  10|0x0000000080a00000, 0x0000000080b00000, 0x0000000080b00000|100%| O|  |TAMS 0x0000000080a00000, 0x0000000080a00000| Untracked 
|  11|0x0000000080b00000, 0x0000000080c00000, 0x0000000080c00000|100%| O|  |TAMS 0x0000000080b00000, 0x0000000080b00000| Untracked 
|  12|0x0000000080c00000, 0x0000000080d00000, 0x0000000080d00000|100%| O|  |TAMS 0x0000000080c00000, 0x0000000080c00000| Untracked 
|  13|0x0000000080d00000, 0x0000000080e00000, 0x0000000080e00000|100%| O|  |TAMS 0x0000000080d00000, 0x0000000080d00000| Untracked 
|  14|0x0000000080e00000, 0x0000000080f00000, 0x0000000080f00000|100%| O|  |TAMS 0x0000000080e00000, 0x0000000080e00000| Untracked 
|  15|0x0000000080f00000, 0x0000000081000000, 0x0000000081000000|100%| O|  |TAMS 0x0000000080f00000, 0x0000000080f00000| Untracked 
|  16|0x0000000081000000, 0x0000000081100000, 0x0000000081100000|100%| O|  |TAMS 0x0000000081000000, 0x0000000081000000| Untracked 
|  17|0x0000000081100000, 0x00000000811d3800, 0x0000000081200000| 82%| O|  |TAMS 0x0000000081100000, 0x0000000081100000| Untracked 
|  18|0x0000000081200000, 0x0000000081200000, 0x0000000081300000|  0%| F|  |TAMS 0x0000000081200000, 0x0000000081200000| Untracked 
|  19|0x0000000081300000, 0x0000000081300000, 0x0000000081400000|  0%| F|  |TAMS 0x0000000081300000, 0x0000000081300000| Untracked 
|  20|0x0000000081400000, 0x0000000081400000, 0x0000000081500000|  0%| F|  |TAMS 0x0000000081400000, 0x0000000081400000| Untracked 
|  21|0x0000000081500000, 0x0000000081500000, 0x0000000081600000|  0%| F|  |TAMS 0x0000000081500000, 0x0000000081500000| Untracked 
|  22|0x0000000081600000, 0x0000000081600000, 0x0000000081700000|  0%| F|  |TAMS 0x0000000081600000, 0x0000000081600000| Untracked 
|  23|0x0000000081700000, 0x0000000081700000, 0x0000000081800000|  0%| F|  |TAMS 0x0000000081700000, 0x0000000081700000| Untracked 
|  24|0x0000000081800000, 0x0000000081800000, 0x0000000081900000|  0%| F|  |TAMS 0x0000000081800000, 0x0000000081800000| Untracked 
|  25|0x0000000081900000, 0x0000000081900000, 0x0000000081a00000|  0%| F|  |TAMS 0x0000000081900000, 0x0000000081900000| Untracked 
|  26|0x0000000081a00000, 0x0000000081a00000, 0x0000000081b00000|  0%| F|  |TAMS 0x0000000081a00000, 0x0000000081a00000| Untracked 
|  27|0x0000000081b00000, 0x0000000081b00000, 0x0000000081c00000|  0%| F|  |TAMS 0x0000000081b00000, 0x0000000081b00000| Untracked 
|  28|0x0000000081c00000, 0x0000000081c00000, 0x0000000081d00000|  0%| F|  |TAMS 0x0000000081c00000, 0x0000000081c00000| Untracked 
|  29|0x0000000081d00000, 0x0000000081d00000, 0x0000000081e00000|  0%| F|  |TAMS 0x0000000081d00000, 0x0000000081d00000| Untracked 
|  30|0x0000000081e00000, 0x0000000081e00000, 0x0000000081f00000|  0%| F|  |TAMS 0x0000000081e00000, 0x0000000081e00000| Untracked 
|  31|0x0000000081f00000, 0x0000000081f00000, 0x0000000082000000|  0%| F|  |TAMS 0x0000000081f00000, 0x0000000081f00000| Untracked 
|  32|0x0000000082000000, 0x0000000082000000, 0x0000000082100000|  0%| F|  |TAMS 0x0000000082000000, 0x0000000082000000| Untracked 
|  33|0x0000000082100000, 0x0000000082100000, 0x0000000082200000|  0%| F|  |TAMS 0x0000000082100000, 0x0000000082100000| Untracked 
|  34|0x0000000082200000, 0x0000000082200000, 0x0000000082300000|  0%| F|  |TAMS 0x0000000082200000, 0x0000000082200000| Untracked 
|  35|0x0000000082300000, 0x0000000082300000, 0x0000000082400000|  0%| F|  |TAMS 0x0000000082300000, 0x0000000082300000| Untracked 
|  36|0x0000000082400000, 0x0000000082400000, 0x0000000082500000|  0%| F|  |TAMS 0x0000000082400000, 0x0000000082400000| Untracked 
|  37|0x0000000082500000, 0x0000000082500000, 0x0000000082600000|  0%| F|  |TAMS 0x0000000082500000, 0x0000000082500000| Untracked 
|  38|0x0000000082600000, 0x0000000082600000, 0x0000000082700000|  0%| F|  |TAMS 0x0000000082600000, 0x0000000082600000| Untracked 
|  39|0x0000000082700000, 0x0000000082700000, 0x0000000082800000|  0%| F|  |TAMS 0x0000000082700000, 0x0000000082700000| Untracked 
|  40|0x0000000082800000, 0x0000000082800000, 0x0000000082900000|  0%| F|  |TAMS 0x0000000082800000, 0x0000000082800000| Untracked 
|  41|0x0000000082900000, 0x0000000082900000, 0x0000000082a00000|  0%| F|  |TAMS 0x0000000082900000, 0x0000000082900000| Untracked 
|  42|0x0000000082a00000, 0x0000000082a00000, 0x0000000082b00000|  0%| F|  |TAMS 0x0000000082a00000, 0x0000000082a00000| Untracked 
|  43|0x0000000082b00000, 0x0000000082b00000, 0x0000000082c00000|  0%| F|  |TAMS 0x0000000082b00000, 0x0000000082b00000| Untracked 
|  44|0x0000000082c00000, 0x0000000082c00000, 0x0000000082d00000|  0%| F|  |TAMS 0x0000000082c00000, 0x0000000082c00000| Untracked 
|  45|0x0000000082d00000, 0x0000000082d00000, 0x0000000082e00000|  0%| F|  |TAMS 0x0000000082d00000, 0x0000000082d00000| Untracked 
|  46|0x0000000082e00000, 0x0000000082e00000, 0x0000000082f00000|  0%| F|  |TAMS 0x0000000082e00000, 0x0000000082e00000| Untracked 
|  47|0x0000000082f00000, 0x0000000082f00000, 0x0000000083000000|  0%| F|  |TAMS 0x0000000082f00000, 0x0000000082f00000| Untracked 
|  48|0x0000000083000000, 0x0000000083000000, 0x0000000083100000|  0%| F|  |TAMS 0x0000000083000000, 0x0000000083000000| Untracked 
|  49|0x0000000083100000, 0x0000000083100000, 0x0000000083200000|  0%| F|  |TAMS 0x0000000083100000, 0x0000000083100000| Untracked 
|  50|0x0000000083200000, 0x0000000083200000, 0x0000000083300000|  0%| F|  |TAMS 0x0000000083200000, 0x0000000083200000| Untracked 
|  51|0x0000000083300000, 0x0000000083300000, 0x0000000083400000|  0%| F|  |TAMS 0x0000000083300000, 0x0000000083300000| Untracked 
|  52|0x0000000083400000, 0x0000000083400000, 0x0000000083500000|  0%| F|  |TAMS 0x0000000083400000, 0x0000000083400000| Untracked 
|  53|0x0000000083500000, 0x0000000083500000, 0x0000000083600000|  0%| F|  |TAMS 0x0000000083500000, 0x0000000083500000| Untracked 
|  54|0x0000000083600000, 0x0000000083600000, 0x0000000083700000|  0%| F|  |TAMS 0x0000000083600000, 0x0000000083600000| Untracked 
|  55|0x0000000083700000, 0x0000000083700000, 0x0000000083800000|  0%| F|  |TAMS 0x0000000083700000, 0x0000000083700000| Untracked 
|  56|0x0000000083800000, 0x0000000083800000, 0x0000000083900000|  0%| F|  |TAMS 0x0000000083800000, 0x0000000083800000| Untracked 
|  57|0x0000000083900000, 0x0000000083900000, 0x0000000083a00000|  0%| F|  |TAMS 0x0000000083900000, 0x0000000083900000| Untracked 
|  58|0x0000000083a00000, 0x0000000083a00000, 0x0000000083b00000|  0%| F|  |TAMS 0x0000000083a00000, 0x0000000083a00000| Untracked 
|  59|0x0000000083b00000, 0x0000000083b00000, 0x0000000083c00000|  0%| F|  |TAMS 0x0000000083b00000, 0x0000000083b00000| Untracked 
|  60|0x0000000083c00000, 0x0000000083c00000, 0x0000000083d00000|  0%| F|  |TAMS 0x0000000083c00000, 0x0000000083c00000| Untracked 
|  61|0x0000000083d00000, 0x0000000083d00000, 0x0000000083e00000|  0%| F|  |TAMS 0x0000000083d00000, 0x0000000083d00000| Untracked 
|  62|0x0000000083e00000, 0x0000000083e00000, 0x0000000083f00000|  0%| F|  |TAMS 0x0000000083e00000, 0x0000000083e00000| Untracked 
|  63|0x0000000083f00000, 0x0000000083f00000, 0x0000000084000000|  0%| F|  |TAMS 0x0000000083f00000, 0x0000000083f00000| Untracked 
|  64|0x0000000084000000, 0x0000000084000000, 0x0000000084100000|  0%| F|  |TAMS 0x0000000084000000, 0x0000000084000000| Untracked 
|  65|0x0000000084100000, 0x0000000084100000, 0x0000000084200000|  0%| F|  |TAMS 0x0000000084100000, 0x0000000084100000| Untracked 
|  66|0x0000000084200000, 0x0000000084200000, 0x0000000084300000|  0%| F|  |TAMS 0x0000000084200000, 0x0000000084200000| Untracked 
|  67|0x0000000084300000, 0x0000000084300000, 0x0000000084400000|  0%| F|  |TAMS 0x0000000084300000, 0x0000000084300000| Untracked 
|  68|0x0000000084400000, 0x0000000084400000, 0x0000000084500000|  0%| F|  |TAMS 0x0000000084400000, 0x0000000084400000| Untracked 
|  69|0x0000000084500000, 0x0000000084500000, 0x0000000084600000|  0%| F|  |TAMS 0x0000000084500000, 0x0000000084500000| Untracked 
|  70|0x0000000084600000, 0x0000000084600000, 0x0000000084700000|  0%| F|  |TAMS 0x0000000084600000, 0x0000000084600000| Untracked 
|  71|0x0000000084700000, 0x0000000084700000, 0x0000000084800000|  0%| F|  |TAMS 0x0000000084700000, 0x0000000084700000| Untracked 
|  72|0x0000000084800000, 0x0000000084800000, 0x0000000084900000|  0%| F|  |TAMS 0x0000000084800000, 0x0000000084800000| Untracked 
|  73|0x0000000084900000, 0x0000000084900000, 0x0000000084a00000|  0%| F|  |TAMS 0x0000000084900000, 0x0000000084900000| Untracked 
|  74|0x0000000084a00000, 0x0000000084a00000, 0x0000000084b00000|  0%| F|  |TAMS 0x0000000084a00000, 0x0000000084a00000| Untracked 
|  75|0x0000000084b00000, 0x0000000084b00000, 0x0000000084c00000|  0%| F|  |TAMS 0x0000000084b00000, 0x0000000084b00000| Untracked 
|  76|0x0000000084c00000, 0x0000000084c00000, 0x0000000084d00000|  0%| F|  |TAMS 0x0000000084c00000, 0x0000000084c00000| Untracked 
|  77|0x0000000084d00000, 0x0000000084d00000, 0x0000000084e00000|  0%| F|  |TAMS 0x0000000084d00000, 0x0000000084d00000| Untracked 
|  78|0x0000000084e00000, 0x0000000084e00000, 0x0000000084f00000|  0%| F|  |TAMS 0x0000000084e00000, 0x0000000084e00000| Untracked 
|  79|0x0000000084f00000, 0x0000000084f00000, 0x0000000085000000|  0%| F|  |TAMS 0x0000000084f00000, 0x0000000084f00000| Untracked 
|  80|0x0000000085000000, 0x0000000085000000, 0x0000000085100000|  0%| F|  |TAMS 0x0000000085000000, 0x0000000085000000| Untracked 
|  81|0x0000000085100000, 0x0000000085100000, 0x0000000085200000|  0%| F|  |TAMS 0x0000000085100000, 0x0000000085100000| Untracked 
|  82|0x0000000085200000, 0x0000000085200000, 0x0000000085300000|  0%| F|  |TAMS 0x0000000085200000, 0x0000000085200000| Untracked 
|  83|0x0000000085300000, 0x0000000085300000, 0x0000000085400000|  0%| F|  |TAMS 0x0000000085300000, 0x0000000085300000| Untracked 
|  84|0x0000000085400000, 0x0000000085400000, 0x0000000085500000|  0%| F|  |TAMS 0x0000000085400000, 0x0000000085400000| Untracked 
|  85|0x0000000085500000, 0x0000000085500000, 0x0000000085600000|  0%| F|  |TAMS 0x0000000085500000, 0x0000000085500000| Untracked 
|  86|0x0000000085600000, 0x0000000085600000, 0x0000000085700000|  0%| F|  |TAMS 0x0000000085600000, 0x0000000085600000| Untracked 
|  87|0x0000000085700000, 0x0000000085700000, 0x0000000085800000|  0%| F|  |TAMS 0x0000000085700000, 0x0000000085700000| Untracked 
|  88|0x0000000085800000, 0x0000000085800000, 0x0000000085900000|  0%| F|  |TAMS 0x0000000085800000, 0x0000000085800000| Untracked 
|  89|0x0000000085900000, 0x0000000085900000, 0x0000000085a00000|  0%| F|  |TAMS 0x0000000085900000, 0x0000000085900000| Untracked 
|  90|0x0000000085a00000, 0x0000000085a00000, 0x0000000085b00000|  0%| F|  |TAMS 0x0000000085a00000, 0x0000000085a00000| Untracked 
|  91|0x0000000085b00000, 0x0000000085b00000, 0x0000000085c00000|  0%| F|  |TAMS 0x0000000085b00000, 0x0000000085b00000| Untracked 
|  92|0x0000000085c00000, 0x0000000085c00000, 0x0000000085d00000|  0%| F|  |TAMS 0x0000000085c00000, 0x0000000085c00000| Untracked 
|  93|0x0000000085d00000, 0x0000000085d00000, 0x0000000085e00000|  0%| F|  |TAMS 0x0000000085d00000, 0x0000000085d00000| Untracked 
|  94|0x0000000085e00000, 0x0000000085e00000, 0x0000000085f00000|  0%| F|  |TAMS 0x0000000085e00000, 0x0000000085e00000| Untracked 
|  95|0x0000000085f00000, 0x0000000085f00000, 0x0000000086000000|  0%| F|  |TAMS 0x0000000085f00000, 0x0000000085f00000| Untracked 
|  96|0x0000000086000000, 0x0000000086000000, 0x0000000086100000|  0%| F|  |TAMS 0x0000000086000000, 0x0000000086000000| Untracked 
|  97|0x0000000086100000, 0x0000000086100000, 0x0000000086200000|  0%| F|  |TAMS 0x0000000086100000, 0x0000000086100000| Untracked 
|  98|0x0000000086200000, 0x0000000086200000, 0x0000000086300000|  0%| F|  |TAMS 0x0000000086200000, 0x0000000086200000| Untracked 
|  99|0x0000000086300000, 0x0000000086300000, 0x0000000086400000|  0%| F|  |TAMS 0x0000000086300000, 0x0000000086300000| Untracked 
| 100|0x0000000086400000, 0x0000000086400000, 0x0000000086500000|  0%| F|  |TAMS 0x0000000086400000, 0x0000000086400000| Untracked 
| 101|0x0000000086500000, 0x0000000086500000, 0x0000000086600000|  0%| F|  |TAMS 0x0000000086500000, 0x0000000086500000| Untracked 
| 102|0x0000000086600000, 0x0000000086600000, 0x0000000086700000|  0%| F|  |TAMS 0x0000000086600000, 0x0000000086600000| Untracked 
| 103|0x0000000086700000, 0x0000000086700000, 0x0000000086800000|  0%| F|  |TAMS 0x0000000086700000, 0x0000000086700000| Untracked 
| 104|0x0000000086800000, 0x0000000086800000, 0x0000000086900000|  0%| F|  |TAMS 0x0000000086800000, 0x0000000086800000| Untracked 
| 105|0x0000000086900000, 0x0000000086900000, 0x0000000086a00000|  0%| F|  |TAMS 0x0000000086900000, 0x0000000086900000| Untracked 
| 106|0x0000000086a00000, 0x0000000086a00000, 0x0000000086b00000|  0%| F|  |TAMS 0x0000000086a00000, 0x0000000086a00000| Untracked 
| 107|0x0000000086b00000, 0x0000000086b00000, 0x0000000086c00000|  0%| F|  |TAMS 0x0000000086b00000, 0x0000000086b00000| Untracked 
| 108|0x0000000086c00000, 0x0000000086c00000, 0x0000000086d00000|  0%| F|  |TAMS 0x0000000086c00000, 0x0000000086c00000| Untracked 
| 109|0x0000000086d00000, 0x0000000086d00000, 0x0000000086e00000|  0%| F|  |TAMS 0x0000000086d00000, 0x0000000086d00000| Untracked 
| 110|0x0000000086e00000, 0x0000000086e00000, 0x0000000086f00000|  0%| F|  |TAMS 0x0000000086e00000, 0x0000000086e00000| Untracked 
| 111|0x0000000086f00000, 0x0000000086f00000, 0x0000000087000000|  0%| F|  |TAMS 0x0000000086f00000, 0x0000000086f00000| Untracked 
| 112|0x0000000087000000, 0x0000000087000000, 0x0000000087100000|  0%| F|  |TAMS 0x0000000087000000, 0x0000000087000000| Untracked 
| 113|0x0000000087100000, 0x0000000087100000, 0x0000000087200000|  0%| F|  |TAMS 0x0000000087100000, 0x0000000087100000| Untracked 
| 114|0x0000000087200000, 0x0000000087200000, 0x0000000087300000|  0%| F|  |TAMS 0x0000000087200000, 0x0000000087200000| Untracked 
| 115|0x0000000087300000, 0x0000000087300000, 0x0000000087400000|  0%| F|  |TAMS 0x0000000087300000, 0x0000000087300000| Untracked 
| 116|0x0000000087400000, 0x0000000087400000, 0x0000000087500000|  0%| F|  |TAMS 0x0000000087400000, 0x0000000087400000| Untracked 
| 117|0x0000000087500000, 0x0000000087500000, 0x0000000087600000|  0%| F|  |TAMS 0x0000000087500000, 0x0000000087500000| Untracked 
| 118|0x0000000087600000, 0x0000000087600000, 0x0000000087700000|  0%| F|  |TAMS 0x0000000087600000, 0x0000000087600000| Untracked 
| 119|0x0000000087700000, 0x0000000087700000, 0x0000000087800000|  0%| F|  |TAMS 0x0000000087700000, 0x0000000087700000| Untracked 
| 120|0x0000000087800000, 0x0000000087800000, 0x0000000087900000|  0%| F|  |TAMS 0x0000000087800000, 0x0000000087800000| Untracked 
| 121|0x0000000087900000, 0x0000000087900000, 0x0000000087a00000|  0%| F|  |TAMS 0x0000000087900000, 0x0000000087900000| Untracked 
| 122|0x0000000087a00000, 0x0000000087a00000, 0x0000000087b00000|  0%| F|  |TAMS 0x0000000087a00000, 0x0000000087a00000| Untracked 
| 123|0x0000000087b00000, 0x0000000087b00000, 0x0000000087c00000|  0%| F|  |TAMS 0x0000000087b00000, 0x0000000087b00000| Untracked 
| 124|0x0000000087c00000, 0x0000000087c00000, 0x0000000087d00000|  0%| F|  |TAMS 0x0000000087c00000, 0x0000000087c00000| Untracked 
| 125|0x0000000087d00000, 0x0000000087d00000, 0x0000000087e00000|  0%| F|  |TAMS 0x0000000087d00000, 0x0000000087d00000| Untracked 
| 126|0x0000000087e00000, 0x0000000087e00000, 0x0000000087f00000|  0%| F|  |TAMS 0x0000000087e00000, 0x0000000087e00000| Untracked 
| 127|0x0000000087f00000, 0x0000000087f00000, 0x0000000088000000|  0%| F|  |TAMS 0x0000000087f00000, 0x0000000087f00000| Untracked 
| 128|0x0000000088000000, 0x0000000088000000, 0x0000000088100000|  0%| F|  |TAMS 0x0000000088000000, 0x0000000088000000| Untracked 
| 129|0x0000000088100000, 0x0000000088100000, 0x0000000088200000|  0%| F|  |TAMS 0x0000000088100000, 0x0000000088100000| Untracked 
| 130|0x0000000088200000, 0x0000000088200000, 0x0000000088300000|  0%| F|  |TAMS 0x0000000088200000, 0x0000000088200000| Untracked 
| 131|0x0000000088300000, 0x0000000088300000, 0x0000000088400000|  0%| F|  |TAMS 0x0000000088300000, 0x0000000088300000| Untracked 
| 132|0x0000000088400000, 0x0000000088400000, 0x0000000088500000|  0%| F|  |TAMS 0x0000000088400000, 0x0000000088400000| Untracked 
| 133|0x0000000088500000, 0x0000000088500000, 0x0000000088600000|  0%| F|  |TAMS 0x0000000088500000, 0x0000000088500000| Untracked 
| 134|0x0000000088600000, 0x0000000088600000, 0x0000000088700000|  0%| F|  |TAMS 0x0000000088600000, 0x0000000088600000| Untracked 
| 135|0x0000000088700000, 0x0000000088700000, 0x0000000088800000|  0%| F|  |TAMS 0x0000000088700000, 0x0000000088700000| Untracked 
| 136|0x0000000088800000, 0x0000000088800000, 0x0000000088900000|  0%| F|  |TAMS 0x0000000088800000, 0x0000000088800000| Untracked 
| 137|0x0000000088900000, 0x0000000088900000, 0x0000000088a00000|  0%| F|  |TAMS 0x0000000088900000, 0x0000000088900000| Untracked 
| 138|0x0000000088a00000, 0x0000000088a00000, 0x0000000088b00000|  0%| F|  |TAMS 0x0000000088a00000, 0x0000000088a00000| Untracked 
| 139|0x0000000088b00000, 0x0000000088b00000, 0x0000000088c00000|  0%| F|  |TAMS 0x0000000088b00000, 0x0000000088b00000| Untracked 
| 140|0x0000000088c00000, 0x0000000088c00000, 0x0000000088d00000|  0%| F|  |TAMS 0x0000000088c00000, 0x0000000088c00000| Untracked 
| 141|0x0000000088d00000, 0x0000000088d00000, 0x0000000088e00000|  0%| F|  |TAMS 0x0000000088d00000, 0x0000000088d00000| Untracked 
| 142|0x0000000088e00000, 0x0000000088e00000, 0x0000000088f00000|  0%| F|  |TAMS 0x0000000088e00000, 0x0000000088e00000| Untracked 
| 143|0x0000000088f00000, 0x0000000088f00000, 0x0000000089000000|  0%| F|  |TAMS 0x0000000088f00000, 0x0000000088f00000| Untracked 
| 144|0x0000000089000000, 0x0000000089000000, 0x0000000089100000|  0%| F|  |TAMS 0x0000000089000000, 0x0000000089000000| Untracked 
| 145|0x0000000089100000, 0x0000000089100000, 0x0000000089200000|  0%| F|  |TAMS 0x0000000089100000, 0x0000000089100000| Untracked 
| 146|0x0000000089200000, 0x0000000089200000, 0x0000000089300000|  0%| F|  |TAMS 0x0000000089200000, 0x0000000089200000| Untracked 
| 147|0x0000000089300000, 0x0000000089300000, 0x0000000089400000|  0%| F|  |TAMS 0x0000000089300000, 0x0000000089300000| Untracked 
| 148|0x0000000089400000, 0x0000000089400000, 0x0000000089500000|  0%| F|  |TAMS 0x0000000089400000, 0x0000000089400000| Untracked 
| 149|0x0000000089500000, 0x0000000089500000, 0x0000000089600000|  0%| F|  |TAMS 0x0000000089500000, 0x0000000089500000| Untracked 
| 150|0x0000000089600000, 0x0000000089600000, 0x0000000089700000|  0%| F|  |TAMS 0x0000000089600000, 0x0000000089600000| Untracked 
| 151|0x0000000089700000, 0x0000000089700000, 0x0000000089800000|  0%| F|  |TAMS 0x0000000089700000, 0x0000000089700000| Untracked 
| 152|0x0000000089800000, 0x0000000089800000, 0x0000000089900000|  0%| F|  |TAMS 0x0000000089800000, 0x0000000089800000| Untracked 
| 153|0x0000000089900000, 0x0000000089900000, 0x0000000089a00000|  0%| F|  |TAMS 0x0000000089900000, 0x0000000089900000| Untracked 
| 154|0x0000000089a00000, 0x0000000089a00000, 0x0000000089b00000|  0%| F|  |TAMS 0x0000000089a00000, 0x0000000089a00000| Untracked 
| 155|0x0000000089b00000, 0x0000000089b00000, 0x0000000089c00000|  0%| F|  |TAMS 0x0000000089b00000, 0x0000000089b00000| Untracked 
| 156|0x0000000089c00000, 0x0000000089c00000, 0x0000000089d00000|  0%| F|  |TAMS 0x0000000089c00000, 0x0000000089c00000| Untracked 
| 157|0x0000000089d00000, 0x0000000089d00000, 0x0000000089e00000|  0%| F|  |TAMS 0x0000000089d00000, 0x0000000089d00000| Untracked 
| 158|0x0000000089e00000, 0x0000000089e00000, 0x0000000089f00000|  0%| F|  |TAMS 0x0000000089e00000, 0x0000000089e00000| Untracked 
| 159|0x0000000089f00000, 0x0000000089f00000, 0x000000008a000000|  0%| F|  |TAMS 0x0000000089f00000, 0x0000000089f00000| Untracked 
| 160|0x000000008a000000, 0x000000008a000000, 0x000000008a100000|  0%| F|  |TAMS 0x000000008a000000, 0x000000008a000000| Untracked 
| 161|0x000000008a100000, 0x000000008a100000, 0x000000008a200000|  0%| F|  |TAMS 0x000000008a100000, 0x000000008a100000| Untracked 
| 162|0x000000008a200000, 0x000000008a200000, 0x000000008a300000|  0%| F|  |TAMS 0x000000008a200000, 0x000000008a200000| Untracked 
| 163|0x000000008a300000, 0x000000008a300000, 0x000000008a400000|  0%| F|  |TAMS 0x000000008a300000, 0x000000008a300000| Untracked 
| 164|0x000000008a400000, 0x000000008a4cf9e0, 0x000000008a500000| 81%| S|CS|TAMS 0x000000008a400000, 0x000000008a400000| Complete 
| 165|0x000000008a500000, 0x000000008a600000, 0x000000008a600000|100%| S|CS|TAMS 0x000000008a500000, 0x000000008a500000| Complete 
| 166|0x000000008a600000, 0x000000008a700000, 0x000000008a700000|100%| S|CS|TAMS 0x000000008a600000, 0x000000008a600000| Complete 
| 167|0x000000008a700000, 0x000000008a800000, 0x000000008a800000|100%| S|CS|TAMS 0x000000008a700000, 0x000000008a700000| Complete 
| 168|0x000000008a800000, 0x000000008a800000, 0x000000008a900000|  0%| F|  |TAMS 0x000000008a800000, 0x000000008a800000| Untracked 
| 169|0x000000008a900000, 0x000000008a900000, 0x000000008aa00000|  0%| F|  |TAMS 0x000000008a900000, 0x000000008a900000| Untracked 
| 170|0x000000008aa00000, 0x000000008aa00000, 0x000000008ab00000|  0%| F|  |TAMS 0x000000008aa00000, 0x000000008aa00000| Untracked 
| 171|0x000000008ab00000, 0x000000008ab00000, 0x000000008ac00000|  0%| F|  |TAMS 0x000000008ab00000, 0x000000008ab00000| Untracked 
| 172|0x000000008ac00000, 0x000000008ac00000, 0x000000008ad00000|  0%| F|  |TAMS 0x000000008ac00000, 0x000000008ac00000| Untracked 
| 173|0x000000008ad00000, 0x000000008ad00000, 0x000000008ae00000|  0%| F|  |TAMS 0x000000008ad00000, 0x000000008ad00000| Untracked 
| 174|0x000000008ae00000, 0x000000008ae00000, 0x000000008af00000|  0%| F|  |TAMS 0x000000008ae00000, 0x000000008ae00000| Untracked 
| 175|0x000000008af00000, 0x000000008af00000, 0x000000008b000000|  0%| F|  |TAMS 0x000000008af00000, 0x000000008af00000| Untracked 
| 176|0x000000008b000000, 0x000000008b000000, 0x000000008b100000|  0%| F|  |TAMS 0x000000008b000000, 0x000000008b000000| Untracked 
| 177|0x000000008b100000, 0x000000008b100000, 0x000000008b200000|  0%| F|  |TAMS 0x000000008b100000, 0x000000008b100000| Untracked 
| 178|0x000000008b200000, 0x000000008b200000, 0x000000008b300000|  0%| F|  |TAMS 0x000000008b200000, 0x000000008b200000| Untracked 
| 179|0x000000008b300000, 0x000000008b300000, 0x000000008b400000|  0%| F|  |TAMS 0x000000008b300000, 0x000000008b300000| Untracked 
| 180|0x000000008b400000, 0x000000008b400000, 0x000000008b500000|  0%| F|  |TAMS 0x000000008b400000, 0x000000008b400000| Untracked 
| 181|0x000000008b500000, 0x000000008b500000, 0x000000008b600000|  0%| F|  |TAMS 0x000000008b500000, 0x000000008b500000| Untracked 
| 182|0x000000008b600000, 0x000000008b600000, 0x000000008b700000|  0%| F|  |TAMS 0x000000008b600000, 0x000000008b600000| Untracked 
| 183|0x000000008b700000, 0x000000008b700000, 0x000000008b800000|  0%| F|  |TAMS 0x000000008b700000, 0x000000008b700000| Untracked 
| 184|0x000000008b800000, 0x000000008b800000, 0x000000008b900000|  0%| F|  |TAMS 0x000000008b800000, 0x000000008b800000| Untracked 
| 185|0x000000008b900000, 0x000000008b900000, 0x000000008ba00000|  0%| F|  |TAMS 0x000000008b900000, 0x000000008b900000| Untracked 
| 186|0x000000008ba00000, 0x000000008ba00000, 0x000000008bb00000|  0%| F|  |TAMS 0x000000008ba00000, 0x000000008ba00000| Untracked 
| 187|0x000000008bb00000, 0x000000008bb00000, 0x000000008bc00000|  0%| F|  |TAMS 0x000000008bb00000, 0x000000008bb00000| Untracked 
| 188|0x000000008bc00000, 0x000000008bc00000, 0x000000008bd00000|  0%| F|  |TAMS 0x000000008bc00000, 0x000000008bc00000| Untracked 
| 189|0x000000008bd00000, 0x000000008bd00000, 0x000000008be00000|  0%| F|  |TAMS 0x000000008bd00000, 0x000000008bd00000| Untracked 
| 190|0x000000008be00000, 0x000000008be00000, 0x000000008bf00000|  0%| F|  |TAMS 0x000000008be00000, 0x000000008be00000| Untracked 
| 191|0x000000008bf00000, 0x000000008bf00000, 0x000000008c000000|  0%| F|  |TAMS 0x000000008bf00000, 0x000000008bf00000| Untracked 
| 192|0x000000008c000000, 0x000000008c000000, 0x000000008c100000|  0%| F|  |TAMS 0x000000008c000000, 0x000000008c000000| Untracked 
| 193|0x000000008c100000, 0x000000008c100000, 0x000000008c200000|  0%| F|  |TAMS 0x000000008c100000, 0x000000008c100000| Untracked 
| 194|0x000000008c200000, 0x000000008c200000, 0x000000008c300000|  0%| F|  |TAMS 0x000000008c200000, 0x000000008c200000| Untracked 
| 195|0x000000008c300000, 0x000000008c300000, 0x000000008c400000|  0%| F|  |TAMS 0x000000008c300000, 0x000000008c300000| Untracked 
| 196|0x000000008c400000, 0x000000008c400000, 0x000000008c500000|  0%| F|  |TAMS 0x000000008c400000, 0x000000008c400000| Untracked 
| 197|0x000000008c500000, 0x000000008c500000, 0x000000008c600000|  0%| F|  |TAMS 0x000000008c500000, 0x000000008c500000| Untracked 
| 198|0x000000008c600000, 0x000000008c600000, 0x000000008c700000|  0%| F|  |TAMS 0x000000008c600000, 0x000000008c600000| Untracked 
| 199|0x000000008c700000, 0x000000008c700000, 0x000000008c800000|  0%| F|  |TAMS 0x000000008c700000, 0x000000008c700000| Untracked 
| 200|0x000000008c800000, 0x000000008c800000, 0x000000008c900000|  0%| F|  |TAMS 0x000000008c800000, 0x000000008c800000| Untracked 
| 201|0x000000008c900000, 0x000000008c900000, 0x000000008ca00000|  0%| F|  |TAMS 0x000000008c900000, 0x000000008c900000| Untracked 
| 202|0x000000008ca00000, 0x000000008ca00000, 0x000000008cb00000|  0%| F|  |TAMS 0x000000008ca00000, 0x000000008ca00000| Untracked 
| 203|0x000000008cb00000, 0x000000008cb00000, 0x000000008cc00000|  0%| F|  |TAMS 0x000000008cb00000, 0x000000008cb00000| Untracked 
| 204|0x000000008cc00000, 0x000000008cc00000, 0x000000008cd00000|  0%| F|  |TAMS 0x000000008cc00000, 0x000000008cc00000| Untracked 
| 205|0x000000008cd00000, 0x000000008cd00000, 0x000000008ce00000|  0%| F|  |TAMS 0x000000008cd00000, 0x000000008cd00000| Untracked 
| 206|0x000000008ce00000, 0x000000008ce00000, 0x000000008cf00000|  0%| F|  |TAMS 0x000000008ce00000, 0x000000008ce00000| Untracked 
| 207|0x000000008cf00000, 0x000000008cf00000, 0x000000008d000000|  0%| F|  |TAMS 0x000000008cf00000, 0x000000008cf00000| Untracked 
| 208|0x000000008d000000, 0x000000008d000000, 0x000000008d100000|  0%| F|  |TAMS 0x000000008d000000, 0x000000008d000000| Untracked 
| 209|0x000000008d100000, 0x000000008d100000, 0x000000008d200000|  0%| F|  |TAMS 0x000000008d100000, 0x000000008d100000| Untracked 
| 210|0x000000008d200000, 0x000000008d200000, 0x000000008d300000|  0%| F|  |TAMS 0x000000008d200000, 0x000000008d200000| Untracked 
| 211|0x000000008d300000, 0x000000008d300000, 0x000000008d400000|  0%| F|  |TAMS 0x000000008d300000, 0x000000008d300000| Untracked 
| 212|0x000000008d400000, 0x000000008d400000, 0x000000008d500000|  0%| F|  |TAMS 0x000000008d400000, 0x000000008d400000| Untracked 
| 213|0x000000008d500000, 0x000000008d500000, 0x000000008d600000|  0%| F|  |TAMS 0x000000008d500000, 0x000000008d500000| Untracked 
| 214|0x000000008d600000, 0x000000008d600000, 0x000000008d700000|  0%| F|  |TAMS 0x000000008d600000, 0x000000008d600000| Untracked 
| 215|0x000000008d700000, 0x000000008d700000, 0x000000008d800000|  0%| F|  |TAMS 0x000000008d700000, 0x000000008d700000| Untracked 
| 216|0x000000008d800000, 0x000000008d800000, 0x000000008d900000|  0%| F|  |TAMS 0x000000008d800000, 0x000000008d800000| Untracked 
| 217|0x000000008d900000, 0x000000008d900000, 0x000000008da00000|  0%| F|  |TAMS 0x000000008d900000, 0x000000008d900000| Untracked 
| 218|0x000000008da00000, 0x000000008da00000, 0x000000008db00000|  0%| F|  |TAMS 0x000000008da00000, 0x000000008da00000| Untracked 
| 219|0x000000008db00000, 0x000000008db00000, 0x000000008dc00000|  0%| F|  |TAMS 0x000000008db00000, 0x000000008db00000| Untracked 
| 220|0x000000008dc00000, 0x000000008dc00000, 0x000000008dd00000|  0%| F|  |TAMS 0x000000008dc00000, 0x000000008dc00000| Untracked 
| 221|0x000000008dd00000, 0x000000008dd00000, 0x000000008de00000|  0%| F|  |TAMS 0x000000008dd00000, 0x000000008dd00000| Untracked 
| 222|0x000000008de00000, 0x000000008de00000, 0x000000008df00000|  0%| F|  |TAMS 0x000000008de00000, 0x000000008de00000| Untracked 
| 223|0x000000008df00000, 0x000000008df00000, 0x000000008e000000|  0%| F|  |TAMS 0x000000008df00000, 0x000000008df00000| Untracked 
| 224|0x000000008e000000, 0x000000008e000000, 0x000000008e100000|  0%| F|  |TAMS 0x000000008e000000, 0x000000008e000000| Untracked 
| 225|0x000000008e100000, 0x000000008e100000, 0x000000008e200000|  0%| F|  |TAMS 0x000000008e100000, 0x000000008e100000| Untracked 
| 226|0x000000008e200000, 0x000000008e200000, 0x000000008e300000|  0%| F|  |TAMS 0x000000008e200000, 0x000000008e200000| Untracked 
| 227|0x000000008e300000, 0x000000008e300000, 0x000000008e400000|  0%| F|  |TAMS 0x000000008e300000, 0x000000008e300000| Untracked 
| 228|0x000000008e400000, 0x000000008e400000, 0x000000008e500000|  0%| F|  |TAMS 0x000000008e400000, 0x000000008e400000| Untracked 
| 229|0x000000008e500000, 0x000000008e500000, 0x000000008e600000|  0%| F|  |TAMS 0x000000008e500000, 0x000000008e500000| Untracked 
| 230|0x000000008e600000, 0x000000008e600000, 0x000000008e700000|  0%| F|  |TAMS 0x000000008e600000, 0x000000008e600000| Untracked 
| 231|0x000000008e700000, 0x000000008e700000, 0x000000008e800000|  0%| F|  |TAMS 0x000000008e700000, 0x000000008e700000| Untracked 
| 232|0x000000008e800000, 0x000000008e800000, 0x000000008e900000|  0%| F|  |TAMS 0x000000008e800000, 0x000000008e800000| Untracked 
| 233|0x000000008e900000, 0x000000008e900000, 0x000000008ea00000|  0%| F|  |TAMS 0x000000008e900000, 0x000000008e900000| Untracked 
| 234|0x000000008ea00000, 0x000000008ea00000, 0x000000008eb00000|  0%| F|  |TAMS 0x000000008ea00000, 0x000000008ea00000| Untracked 
| 235|0x000000008eb00000, 0x000000008eb00000, 0x000000008ec00000|  0%| F|  |TAMS 0x000000008eb00000, 0x000000008eb00000| Untracked 
| 236|0x000000008ec00000, 0x000000008ec00000, 0x000000008ed00000|  0%| F|  |TAMS 0x000000008ec00000, 0x000000008ec00000| Untracked 
| 237|0x000000008ed00000, 0x000000008ed00000, 0x000000008ee00000|  0%| F|  |TAMS 0x000000008ed00000, 0x000000008ed00000| Untracked 
| 238|0x000000008ee00000, 0x000000008ee00000, 0x000000008ef00000|  0%| F|  |TAMS 0x000000008ee00000, 0x000000008ee00000| Untracked 
| 239|0x000000008ef00000, 0x000000008ef00000, 0x000000008f000000|  0%| F|  |TAMS 0x000000008ef00000, 0x000000008ef00000| Untracked 
| 240|0x000000008f000000, 0x000000008f000000, 0x000000008f100000|  0%| F|  |TAMS 0x000000008f000000, 0x000000008f000000| Untracked 
| 241|0x000000008f100000, 0x000000008f100000, 0x000000008f200000|  0%| F|  |TAMS 0x000000008f100000, 0x000000008f100000| Untracked 
| 242|0x000000008f200000, 0x000000008f200000, 0x000000008f300000|  0%| F|  |TAMS 0x000000008f200000, 0x000000008f200000| Untracked 
| 243|0x000000008f300000, 0x000000008f300000, 0x000000008f400000|  0%| F|  |TAMS 0x000000008f300000, 0x000000008f300000| Untracked 
| 244|0x000000008f400000, 0x000000008f400000, 0x000000008f500000|  0%| F|  |TAMS 0x000000008f400000, 0x000000008f400000| Untracked 
| 245|0x000000008f500000, 0x000000008f600000, 0x000000008f600000|100%| E|  |TAMS 0x000000008f500000, 0x000000008f500000| Complete 
| 246|0x000000008f600000, 0x000000008f700000, 0x000000008f700000|100%| E|CS|TAMS 0x000000008f600000, 0x000000008f600000| Complete 
| 247|0x000000008f700000, 0x000000008f800000, 0x000000008f800000|100%| E|CS|TAMS 0x000000008f700000, 0x000000008f700000| Complete 
| 248|0x000000008f800000, 0x000000008f900000, 0x000000008f900000|100%| E|CS|TAMS 0x000000008f800000, 0x000000008f800000| Complete 
| 249|0x000000008f900000, 0x000000008fa00000, 0x000000008fa00000|100%| E|CS|TAMS 0x000000008f900000, 0x000000008f900000| Complete 
| 250|0x000000008fa00000, 0x000000008fb00000, 0x000000008fb00000|100%| E|CS|TAMS 0x000000008fa00000, 0x000000008fa00000| Complete 
| 251|0x000000008fb00000, 0x000000008fc00000, 0x000000008fc00000|100%| E|CS|TAMS 0x000000008fb00000, 0x000000008fb00000| Complete 

Card table byte_map: [0x000002839f1f0000,0x000002839f5f0000] _byte_map_base: 0x000002839edf0000

Marking Bits (Prev, Next): (CMBitMap*) 0x0000028384ef9b70, (CMBitMap*) 0x0000028384ef9b38
 Prev Bits: [0x00000283a19f0000, 0x00000283a39f0000)
 Next Bits: [0x000002839f9f0000, 0x00000283a19f0000)

Polling page: 0x0000028384d00000

Metaspace:

Usage:
  Non-class:     27.95 MB capacity,    27.49 MB ( 98%) used,   393.95 KB (  1%) free+waste,    75.25 KB ( <1%) overhead. 
      Class:      4.41 MB capacity,     4.12 MB ( 93%) used,   256.45 KB (  6%) free+waste,    37.69 KB ( <1%) overhead. 
       Both:     32.35 MB capacity,    31.61 MB ( 98%) used,   650.40 KB (  2%) free+waste,   112.94 KB ( <1%) overhead. 

Virtual space:
  Non-class space:       30.00 MB reserved,      28.17 MB ( 94%) committed 
      Class space:      504.00 MB reserved,       4.50 MB ( <1%) committed 
             Both:      534.00 MB reserved,      32.67 MB (  6%) committed 

Chunk freelists:
   Non-Class:  38.00 KB
       Class:  1.00 KB
        Both:  39.00 KB

MaxMetaspaceSize: 512.00 MB
CompressedClassSpaceSize: 504.00 MB
Initial GC threshold: 20.80 MB
Current GC threshold: 35.08 MB
CDS: off

CodeHeap 'non-profiled nmethods': size=119168Kb used=1349Kb max_used=1349Kb free=117819Kb
 bounds [0x00000283969c0000, 0x0000028396c30000, 0x000002839de20000]
CodeHeap 'profiled nmethods': size=119168Kb used=6646Kb max_used=6646Kb free=112521Kb
 bounds [0x000002838f560000, 0x000002838fbe0000, 0x00000283969c0000]
CodeHeap 'non-nmethods': size=7424Kb used=2925Kb max_used=2963Kb free=4498Kb
 bounds [0x000002838ee20000, 0x000002838f110000, 0x000002838f560000]
 total_blobs=3498 nmethods=2975 adapters=432
 compilation: enabled
              stopped_count=0, restarted_count=0
 full_count=0

Compilation events (20 events):
Event: 6.464 Thread 0x00000283a847c000 2971       3       org.gradle.model.internal.asm.MethodVisitorScope::emit (11 bytes)
Event: 6.464 Thread 0x00000283a7492800 2972       3       org.objectweb.asm.Frame::setLocal (65 bytes)
Event: 6.464 Thread 0x00000283a847c000 nmethod 2971 0x000002838fbd7090 code [0x000002838fbd7240, 0x000002838fbd7408]
Event: 6.464 Thread 0x00000283a7355000 2973       3       org.gradle.model.internal.asm.MethodVisitorScope::_GETFIELD (11 bytes)
Event: 6.465 Thread 0x00000283a7492800 nmethod 2972 0x000002838fbd7510 code [0x000002838fbd7700, 0x000002838fbd7c28]
Event: 6.465 Thread 0x00000283a7355000 nmethod 2973 0x000002838fbd7e10 code [0x000002838fbd8020, 0x000002838fbd8588]
Event: 6.467 Thread 0x00000283a847c000 2974       3       org.gradle.internal.service.DefaultServiceRegistry$InstanceUnpackingVisitor::visit (39 bytes)
Event: 6.467 Thread 0x00000283a847c000 nmethod 2974 0x000002838fbd8810 code [0x000002838fbd8a20, 0x000002838fbd8fc8]
Event: 6.469 Thread 0x00000283a74b6800 2975       3       java.util.concurrent.ConcurrentHashMap::resizeStamp (8 bytes)
Event: 6.469 Thread 0x00000283a74b6800 nmethod 2975 0x000002838fbd9210 code [0x000002838fbd93c0, 0x000002838fbd94c8]
Event: 6.470 Thread 0x00000283a7492800 2976       3       java.util.regex.Matcher::find (69 bytes)
Event: 6.470 Thread 0x00000283a7355000 2977       3       org.objectweb.asm.MethodVisitor::visitTypeInsn (17 bytes)
Event: 6.470 Thread 0x00000283a847c000 2978       3       org.objectweb.asm.MethodWriter::visitTypeInsn (116 bytes)
Event: 6.471 Thread 0x00000283a7492800 nmethod 2976 0x000002838fbd9590 code [0x000002838fbd9760, 0x000002838fbd9a48]
Event: 6.471 Thread 0x00000283a7355000 nmethod 2977 0x000002838fbd9b90 code [0x000002838fbd9d40, 0x000002838fbd9f28]
Event: 6.471 Thread 0x00000283a847c000 nmethod 2978 0x000002838fbda010 code [0x000002838fbda200, 0x000002838fbda668]
Event: 6.472 Thread 0x00000283a74b6800 2980   !   3       java.lang.invoke.LambdaForm::compileToBytecode (162 bytes)
Event: 6.475 Thread 0x00000283a74b6800 nmethod 2980 0x000002838fbda890 code [0x000002838fbdac60, 0x000002838fbdc2d8]
Event: 6.476 Thread 0x00000283a7492800 2986       3       java.lang.invoke.LambdaForm::methodType (48 bytes)
Event: 6.477 Thread 0x00000283a7492800 nmethod 2986 0x000002838fbdcf90 code [0x000002838fbdd1a0, 0x000002838fbdd758]

GC Heap History (8 events):
Event: 1.115 GC heap before
{Heap before GC invocations=0 (full 0):
 garbage-first heap   total 258048K, used 27648K [0x0000000080000000, 0x0000000100000000)
  region size 1024K, 24 young (24576K), 0 survivors (0K)
 Metaspace       used 10126K, capacity 10390K, committed 10624K, reserved 526336K
  class space    used 1020K, capacity 1107K, committed 1152K, reserved 516096K
}
Event: 1.121 GC heap after
{Heap after GC invocations=1 (full 0):
 garbage-first heap   total 258048K, used 10476K [0x0000000080000000, 0x0000000100000000)
  region size 1024K, 3 young (3072K), 3 survivors (3072K)
 Metaspace       used 10126K, capacity 10390K, committed 10624K, reserved 526336K
  class space    used 1020K, capacity 1107K, committed 1152K, reserved 516096K
}
Event: 4.526 GC heap before
{Heap before GC invocations=1 (full 0):
 garbage-first heap   total 258048K, used 100588K [0x0000000080000000, 0x0000000100000000)
  region size 1024K, 91 young (93184K), 3 survivors (3072K)
 Metaspace       used 20733K, capacity 21133K, committed 21296K, reserved 536576K
  class space    used 2438K, capacity 2609K, committed 2688K, reserved 516096K
}
Event: 4.541 GC heap after
{Heap after GC invocations=2 (full 0):
 garbage-first heap   total 258048K, used 18531K [0x0000000080000000, 0x0000000100000000)
  region size 1024K, 11 young (11264K), 11 survivors (11264K)
 Metaspace       used 20733K, capacity 21133K, committed 21296K, reserved 536576K
  class space    used 2438K, capacity 2609K, committed 2688K, reserved 516096K
}
Event: 5.367 GC heap before
{Heap before GC invocations=3 (full 0):
 garbage-first heap   total 258048K, used 52323K [0x0000000080000000, 0x0000000100000000)
  region size 1024K, 44 young (45056K), 11 survivors (11264K)
 Metaspace       used 24068K, capacity 24598K, committed 24880K, reserved 538624K
  class space    used 2964K, capacity 3172K, committed 3200K, reserved 516096K
}
Event: 5.376 GC heap after
{Heap after GC invocations=4 (full 0):
 garbage-first heap   total 258048K, used 19819K [0x0000000080000000, 0x0000000100000000)
  region size 1024K, 2 young (2048K), 2 survivors (2048K)
 Metaspace       used 24068K, capacity 24598K, committed 24880K, reserved 538624K
  class space    used 2964K, capacity 3172K, committed 3200K, reserved 516096K
}
Event: 6.400 GC heap before
{Heap before GC invocations=4 (full 0):
 garbage-first heap   total 258048K, used 103787K [0x0000000080000000, 0x0000000100000000)
  region size 1024K, 84 young (86016K), 2 survivors (2048K)
 Metaspace       used 31331K, capacity 32063K, committed 32304K, reserved 544768K
  class space    used 4089K, capacity 4367K, committed 4480K, reserved 516096K
}
Event: 6.403 GC heap after
{Heap after GC invocations=5 (full 0):
 garbage-first heap   total 258048K, used 22156K [0x0000000080000000, 0x0000000100000000)
  region size 1024K, 4 young (4096K), 4 survivors (4096K)
 Metaspace       used 31331K, capacity 32063K, committed 32304K, reserved 544768K
  class space    used 4089K, capacity 4367K, committed 4480K, reserved 516096K
}

Deoptimization events (20 events):
Event: 6.101 Thread 0x00000283aa45c000 Uncommon trap: trap_request=0xffffff4d fr.pc=0x0000028396aaf24c relative=0x000000000000020c
Event: 6.101 Thread 0x00000283aa45c000 Uncommon trap: reason=unstable_if action=reinterpret pc=0x0000028396aaf24c method=java.util.HashMap.hash(Ljava/lang/Object;)I @ 1 c2
Event: 6.101 Thread 0x00000283aa45c000 DEOPT PACKING pc=0x0000028396aaf24c sp=0x00000083caff7c60
Event: 6.101 Thread 0x00000283aa45c000 DEOPT UNPACKING pc=0x000002838ee6a1af sp=0x00000083caff7b98 mode 2
Event: 6.101 Thread 0x00000283aa45c000 Uncommon trap: trap_request=0xffffff4d fr.pc=0x00000283969d88ac relative=0x000000000000008c
Event: 6.101 Thread 0x00000283aa45c000 Uncommon trap: reason=unstable_if action=reinterpret pc=0x00000283969d88ac method=java.util.HashMap.hash(Ljava/lang/Object;)I @ 1 c2
Event: 6.101 Thread 0x00000283aa45c000 DEOPT PACKING pc=0x00000283969d88ac sp=0x00000083caff79d0
Event: 6.101 Thread 0x00000283aa45c000 DEOPT UNPACKING pc=0x000002838ee6a1af sp=0x00000083caff7968 mode 2
Event: 6.141 Thread 0x00000283aa45c000 Uncommon trap: trap_request=0xffffff4d fr.pc=0x0000028396afe164 relative=0x00000000000001a4
Event: 6.141 Thread 0x00000283aa45c000 Uncommon trap: reason=unstable_if action=reinterpret pc=0x0000028396afe164 method=java.util.regex.Pattern$BmpCharProperty.match(Ljava/util/regex/Matcher;ILjava/lang/CharSequence;)Z @ 39 c2
Event: 6.141 Thread 0x00000283aa45c000 DEOPT PACKING pc=0x0000028396afe164 sp=0x00000083caff9710
Event: 6.141 Thread 0x00000283aa45c000 DEOPT UNPACKING pc=0x000002838ee6a1af sp=0x00000083caff96c0 mode 2
Event: 6.146 Thread 0x00000283aa45c000 DEOPT PACKING pc=0x000002838f9aabf9 sp=0x00000083caff82f0
Event: 6.146 Thread 0x00000283aa45c000 DEOPT UNPACKING pc=0x000002838ee6a95e sp=0x00000083caff7838 mode 0
Event: 6.154 Thread 0x00000283aa45c000 DEOPT PACKING pc=0x000002838f9aabf9 sp=0x00000083caff8330
Event: 6.154 Thread 0x00000283aa45c000 DEOPT UNPACKING pc=0x000002838ee6a95e sp=0x00000083caff7878 mode 0
Event: 6.461 Thread 0x00000283aa45c000 Uncommon trap: trap_request=0xffffff4d fr.pc=0x0000028396aa7fd0 relative=0x00000000000001f0
Event: 6.461 Thread 0x00000283aa45c000 Uncommon trap: reason=unstable_if action=reinterpret pc=0x0000028396aa7fd0 method=java.util.HashMap.putVal(ILjava/lang/Object;Ljava/lang/Object;ZZ)Ljava/lang/Object; @ 162 c2
Event: 6.461 Thread 0x00000283aa45c000 DEOPT PACKING pc=0x0000028396aa7fd0 sp=0x00000083caffa850
Event: 6.461 Thread 0x00000283aa45c000 DEOPT UNPACKING pc=0x000002838ee6a1af sp=0x00000083caffa7d0 mode 2

Classes redefined (0 events):
No events

Internal exceptions (20 events):
Event: 5.562 Thread 0x00000283aa45c000 Exception <a 'java/lang/NoSuchMethodError'{0x000000008f3e7cc8}: 'java.lang.Object java.lang.invoke.Invokers$Holder.linkToTargetMethod(java.lang.Object, java.lang.Object, java.lang.Object, java.lang.Object, java.lang.Object, java.lang.Object, java.lang.Object)'> (0x000000008f3e7cc8) thrown at [s\src\hotspot\share\interpreter\linkResolver.cpp, line 773]
Event: 5.602 Thread 0x00000283aa45c000 Exception <a 'java/lang/NoSuchMethodError'{0x000000008f18c238}: 'java.lang.Object java.lang.invoke.DirectMethodHandle$Holder.invokeVirtual(java.lang.Object, java.lang.Object, java.lang.Object, java.lang.Object, java.lang.Object, java.lang.Object, java.lang.Object, java.lang.Object, java.lang.Object, java.lang.Object, java.lang.Object, java.lang.Object, java.lang.Object, java.lang.Object, java.lang.Object, java.lang.Object, java.lang.Object, java.lang.Object, java.lang.Object, java.lang.Object, java.lang.Ob
Event: 5.666 Thread 0x00000283aa45c000 Exception <a 'java/lang/NoSuchMethodError'{0x000000008ea66a08}: 'void java.lang.invoke.DirectMethodHandle$Holder.invokeStatic(java.lang.Object, java.lang.Object, java.lang.Object, java.lang.Object, java.lang.Object)'> (0x000000008ea66a08) thrown at [s\src\hotspot\share\interpreter\linkResolver.cpp, line 773]
Event: 5.679 Thread 0x00000283aa45c000 Implicit null exception at 0x0000028396aaf6bb to 0x0000028396aafd4e
Event: 5.747 Thread 0x00000283aa45c000 Exception <a 'java/lang/NoSuchMethodError'{0x000000008e3cefa8}: 'void java.lang.invoke.DirectMethodHandle$Holder.invokeStaticInit(java.lang.Object, java.lang.Object)'> (0x000000008e3cefa8) thrown at [s\src\hotspot\share\interpreter\linkResolver.cpp, line 773]
Event: 5.831 Thread 0x00000283aa45c000 Exception <a 'java/lang/NoSuchMethodError'{0x000000008dc48880}: 'void java.lang.invoke.DirectMethodHandle$Holder.invokeStatic(java.lang.Object, java.lang.Object, java.lang.Object, java.lang.Object)'> (0x000000008dc48880) thrown at [s\src\hotspot\share\interpreter\linkResolver.cpp, line 773]
Event: 5.833 Thread 0x00000283aa45c000 Exception <a 'java/lang/NoSuchMethodError'{0x000000008dc67f60}: 'int java.lang.invoke.DirectMethodHandle$Holder.invokeVirtual(java.lang.Object, java.lang.Object)'> (0x000000008dc67f60) thrown at [s\src\hotspot\share\interpreter\linkResolver.cpp, line 773]
Event: 5.840 Thread 0x00000283aa45c000 Exception <a 'java/lang/NoSuchMethodError'{0x000000008dcdaae0}: 'int java.lang.invoke.DirectMethodHandle$Holder.invokeVirtual(java.lang.Object, java.lang.Object, java.lang.Object)'> (0x000000008dcdaae0) thrown at [s\src\hotspot\share\interpreter\linkResolver.cpp, line 773]
Event: 6.006 Thread 0x00000283aa45c000 Exception <a 'java/lang/NoSuchMethodError'{0x000000008c863ad0}: 'java.lang.Object java.lang.invoke.DirectMethodHandle$Holder.invokeSpecialIFC(java.lang.Object, java.lang.Object, java.lang.Object, java.lang.Object)'> (0x000000008c863ad0) thrown at [s\src\hotspot\share\interpreter\linkResolver.cpp, line 773]
Event: 6.101 Thread 0x00000283aa45c000 Implicit null exception at 0x0000028396aaf075 to 0x0000028396aaf23c
Event: 6.101 Thread 0x00000283aa45c000 Implicit null exception at 0x00000283969d882f to 0x00000283969d889d
Event: 6.146 Thread 0x00000283aa45c000 Exception <a 'java/lang/NoSuchMethodError'{0x000000008bde6fb8}: 'java.lang.Object java.lang.invoke.DirectMethodHandle$Holder.invokeSpecial(java.lang.Object, java.lang.Object, java.lang.Object, java.lang.Object, java.lang.Object, java.lang.Object, java.lang.Object, java.lang.Object, java.lang.Object, java.lang.Object, java.lang.Object, java.lang.Object, java.lang.Object)'> (0x000000008bde6fb8) thrown at [s\src\hotspot\share\interpreter\linkResolver.cpp, line 773]
Event: 6.147 Thread 0x00000283aa45c000 Exception <a 'java/lang/NoSuchMethodError'{0x000000008bdf78a8}: 'java.lang.Object java.lang.invoke.Invokers$Holder.linkToTargetMethod(java.lang.Object, java.lang.Object, java.lang.Object, java.lang.Object, java.lang.Object, java.lang.Object, java.lang.Object, java.lang.Object, java.lang.Object, java.lang.Object, java.lang.Object)'> (0x000000008bdf78a8) thrown at [s\src\hotspot\share\interpreter\linkResolver.cpp, line 773]
Event: 6.153 Thread 0x00000283aa45c000 Exception <a 'java/lang/NoSuchMethodError'{0x000000008bc9e618}: 'java.lang.Object java.lang.invoke.DirectMethodHandle$Holder.invokeSpecial(java.lang.Object, java.lang.Object, java.lang.Object, java.lang.Object, java.lang.Object, java.lang.Object, java.lang.Object, java.lang.Object, java.lang.Object, java.lang.Object, java.lang.Object, java.lang.Object, java.lang.Object, java.lang.Object)'> (0x000000008bc9e618) thrown at [s\src\hotspot\share\interpreter\linkResolver.cpp, line 773]
Event: 6.153 Thread 0x00000283aa45c000 Exception <a 'java/lang/NoSuchMethodError'{0x000000008bcb0130}: 'java.lang.Object java.lang.invoke.Invokers$Holder.linkToTargetMethod(java.lang.Object, java.lang.Object, java.lang.Object, java.lang.Object, java.lang.Object, java.lang.Object, java.lang.Object, java.lang.Object, java.lang.Object, java.lang.Object, java.lang.Object, java.lang.Object)'> (0x000000008bcb0130) thrown at [s\src\hotspot\share\interpreter\linkResolver.cpp, line 773]
Event: 6.173 Thread 0x00000283aa45c000 Exception <a 'java/lang/NoSuchMethodError'{0x000000008bbe0bc0}: 'java.lang.Object java.lang.invoke.DirectMethodHandle$Holder.invokeStaticInit(java.lang.Object, java.lang.Object, java.lang.Object, java.lang.Object)'> (0x000000008bbe0bc0) thrown at [s\src\hotspot\share\interpreter\linkResolver.cpp, line 773]
Event: 6.361 Thread 0x00000283aa45c000 Exception <a 'java/lang/NoSuchMethodError'{0x000000008ab50560}: 'java.lang.Object java.lang.invoke.Invokers$Holder.linkToTargetMethod(java.lang.Object, java.lang.Object, java.lang.Object, java.lang.Object, java.lang.Object, java.lang.Object, java.lang.Object, java.lang.Object)'> (0x000000008ab50560) thrown at [s\src\hotspot\share\interpreter\linkResolver.cpp, line 773]
Event: 6.369 Thread 0x00000283aa45c000 Exception <a 'java/lang/IncompatibleClassChangeError'{0x000000008abd5da0}: Found class java.lang.Object, but interface was expected> (0x000000008abd5da0) thrown at [s\src\hotspot\share\interpreter\linkResolver.cpp, line 839]
Event: 6.472 Thread 0x00000283aa45c000 Exception <a 'java/lang/NoSuchMethodError'{0x000000008f76cef8}: 'java.lang.Object java.lang.invoke.Invokers$Holder.linkToTargetMethod(java.lang.Object, int, int, java.lang.Object)'> (0x000000008f76cef8) thrown at [s\src\hotspot\share\interpreter\linkResolver.cpp, line 773]
Event: 6.476 Thread 0x00000283aa45c000 Exception <a 'java/lang/NoSuchMethodError'{0x000000008f7f3540}: 'java.lang.Object java.lang.invoke.DirectMethodHandle$Holder.invokeStatic(java.lang.Object, java.lang.Object, int, int, java.lang.Object, java.lang.Object)'> (0x000000008f7f3540) thrown at [s\src\hotspot\share\interpreter\linkResolver.cpp, line 773]

Events (20 events):
Event: 6.477 loading class org/gradle/internal/instantiation/generator/AsmBackedClassGenerator$ClassBuilderImpl
Event: 6.477 loading class org/gradle/internal/instantiation/generator/AsmBackedClassGenerator$ClassBuilderImpl done
Event: 6.477 loading class org/gradle/internal/instantiation/generator/AsmBackedClassGenerator$ClassBuilderImpl$31
Event: 6.477 loading class org/gradle/internal/instantiation/generator/AsmBackedClassGenerator$ClassBuilderImpl$31 done
Event: 6.478 loading class jdk/internal/reflect/UnsafeStaticIntegerFieldAccessorImpl
Event: 6.479 loading class jdk/internal/reflect/UnsafeStaticIntegerFieldAccessorImpl done
Event: 6.479 loading class org/gradle/api/internal/coerce/MethodArgumentsTransformer
Event: 6.479 loading class org/gradle/api/internal/coerce/MethodArgumentsTransformer done
Event: 6.480 loading class org/gradle/api/internal/coerce/PropertySetTransformer
Event: 6.480 loading class org/gradle/api/internal/coerce/PropertySetTransformer done
Event: 6.480 loading class org/gradle/internal/metaobject/BeanDynamicObject$MetaClassAdapter
Event: 6.480 loading class org/gradle/internal/metaobject/BeanDynamicObject$MetaClassAdapter done
Event: 6.481 loading class org/gradle/internal/metaobject/BeanDynamicObject$ClassAdapter
Event: 6.481 loading class org/gradle/internal/metaobject/BeanDynamicObject$ClassAdapter done
Event: 6.481 loading class org/gradle/internal/metaobject/BeanDynamicObject$MapAdapter
Event: 6.481 loading class org/gradle/internal/metaobject/BeanDynamicObject$MapAdapter done
Event: 6.481 loading class org/gradle/internal/metaobject/BeanDynamicObject$GroovyObjectAdapter
Event: 6.481 loading class org/gradle/internal/metaobject/BeanDynamicObject$GroovyObjectAdapter done
Event: 6.481 loading class groovy/lang/MetaClassImpl
Event: 6.481 loading class groovy/lang/MetaClassImpl done


Dynamic libraries:
0x00007ff7768e0000 - 0x00007ff7768ed000 	C:\Program Files\Microsoft\jdk-11.0.20.8-hotspot\bin\java.exe
0x00007ffc485f0000 - 0x00007ffc48806000 	C:\WINDOWS\SYSTEM32\ntdll.dll
0x00007ffc47360000 - 0x00007ffc47424000 	C:\WINDOWS\System32\KERNEL32.DLL
0x00007ffc45f60000 - 0x00007ffc46306000 	C:\WINDOWS\System32\KERNELBASE.dll
0x00007ffc45900000 - 0x00007ffc45a11000 	C:\WINDOWS\System32\ucrtbase.dll
0x00007ffc31500000 - 0x00007ffc31515000 	C:\Program Files\Microsoft\jdk-11.0.20.8-hotspot\bin\VCRUNTIME140.dll
0x00007ffc38530000 - 0x00007ffc38547000 	C:\Program Files\Microsoft\jdk-11.0.20.8-hotspot\bin\jli.dll
0x00007ffc47430000 - 0x00007ffc475dd000 	C:\WINDOWS\System32\USER32.dll
0x00007ffc45e90000 - 0x00007ffc45eb6000 	C:\WINDOWS\System32\win32u.dll
0x00007ffc2d740000 - 0x00007ffc2d9d3000 	C:\WINDOWS\WinSxS\amd64_microsoft.windows.common-controls_6595b64144ccf1df_6.0.22621.3235_none_270f74e173860f98\COMCTL32.dll
0x00007ffc47de0000 - 0x00007ffc47e09000 	C:\WINDOWS\System32\GDI32.dll
0x00007ffc48410000 - 0x00007ffc484b7000 	C:\WINDOWS\System32\msvcrt.dll
0x00007ffc45b50000 - 0x00007ffc45c68000 	C:\WINDOWS\System32\gdi32full.dll
0x00007ffc45ec0000 - 0x00007ffc45f5a000 	C:\WINDOWS\System32\msvcp_win.dll
0x00007ffc48540000 - 0x00007ffc48571000 	C:\WINDOWS\System32\IMM32.DLL
0x00007ffc31460000 - 0x00007ffc314fb000 	C:\Program Files\Microsoft\jdk-11.0.20.8-hotspot\bin\msvcp140.dll
0x00007ffba0bf0000 - 0x00007ffba1786000 	C:\Program Files\Microsoft\jdk-11.0.20.8-hotspot\bin\server\jvm.dll
0x00007ffc481c0000 - 0x00007ffc48272000 	C:\WINDOWS\System32\ADVAPI32.dll
0x00007ffc46d30000 - 0x00007ffc46dd8000 	C:\WINDOWS\System32\sechost.dll
0x00007ffc45e60000 - 0x00007ffc45e88000 	C:\WINDOWS\System32\bcrypt.dll
0x00007ffc46c10000 - 0x00007ffc46d25000 	C:\WINDOWS\System32\RPCRT4.dll
0x00007ffc47ac0000 - 0x00007ffc47ac8000 	C:\WINDOWS\System32\PSAPI.DLL
0x00007ffc2df90000 - 0x00007ffc2df9a000 	C:\WINDOWS\SYSTEM32\VERSION.dll
0x00007ffc2c9b0000 - 0x00007ffc2c9b9000 	C:\WINDOWS\SYSTEM32\WSOCK32.dll
0x00007ffc3ad20000 - 0x00007ffc3ad54000 	C:\WINDOWS\SYSTEM32\WINMM.dll
0x00007ffc46b80000 - 0x00007ffc46bf1000 	C:\WINDOWS\System32\WS2_32.dll
0x00007ffc44940000 - 0x00007ffc44958000 	C:\WINDOWS\SYSTEM32\kernel.appcore.dll
0x00007ffc31450000 - 0x00007ffc31460000 	C:\Program Files\Microsoft\jdk-11.0.20.8-hotspot\bin\verify.dll
0x00007ffc42de0000 - 0x00007ffc43013000 	C:\WINDOWS\SYSTEM32\DBGHELP.DLL
0x00007ffc46e40000 - 0x00007ffc471c8000 	C:\WINDOWS\System32\combase.dll
0x00007ffc48310000 - 0x00007ffc483e7000 	C:\WINDOWS\System32\OLEAUT32.dll
0x00007ffc2d6c0000 - 0x00007ffc2d6f2000 	C:\WINDOWS\SYSTEM32\dbgcore.DLL
0x00007ffc45de0000 - 0x00007ffc45e5a000 	C:\WINDOWS\System32\bcryptPrimitives.dll
0x00007ffc31420000 - 0x00007ffc31448000 	C:\Program Files\Microsoft\jdk-11.0.20.8-hotspot\bin\java.dll
0x00007ffc31110000 - 0x00007ffc3111a000 	C:\Program Files\Microsoft\jdk-11.0.20.8-hotspot\bin\jimage.dll
0x00007ffc2fd90000 - 0x00007ffc2fda8000 	C:\Program Files\Microsoft\jdk-11.0.20.8-hotspot\bin\zip.dll
0x00007ffc46310000 - 0x00007ffc46b6d000 	C:\WINDOWS\System32\SHELL32.dll
0x00007ffc43860000 - 0x00007ffc44158000 	C:\WINDOWS\SYSTEM32\windows.storage.dll
0x00007ffc43720000 - 0x00007ffc4385e000 	C:\WINDOWS\SYSTEM32\wintypes.dll
0x00007ffc47ad0000 - 0x00007ffc47bc3000 	C:\WINDOWS\System32\SHCORE.dll
0x00007ffc46de0000 - 0x00007ffc46e3e000 	C:\WINDOWS\System32\shlwapi.dll
0x00007ffc45830000 - 0x00007ffc45856000 	C:\WINDOWS\SYSTEM32\profapi.dll
0x00007ffc28ab0000 - 0x00007ffc28ac9000 	C:\Program Files\Microsoft\jdk-11.0.20.8-hotspot\bin\net.dll
0x00007ffc3d690000 - 0x00007ffc3d7c7000 	C:\WINDOWS\SYSTEM32\WINHTTP.dll
0x00007ffc44dc0000 - 0x00007ffc44e29000 	C:\WINDOWS\system32\mswsock.dll
0x00007ffc23fa0000 - 0x00007ffc23fb3000 	C:\Program Files\Microsoft\jdk-11.0.20.8-hotspot\bin\nio.dll
0x00007ffc3ad90000 - 0x00007ffc3adb7000 	C:\Users\Techbumbles\.gradle\native\68d5fa5c4cc2d200863cafc0d521ce42e7d3e7ee720ec0a83991735586a16f82\windows-amd64\native-platform.dll
0x00007ffc09630000 - 0x00007ffc09774000 	C:\Users\Techbumbles\.gradle\native\e376f236ea51e6404a007f0833ffe2c6e607c4080706a723a18a27aeea778392\windows-amd64\native-platform-file-events.dll
0x00007ffc2c760000 - 0x00007ffc2c769000 	C:\Program Files\Microsoft\jdk-11.0.20.8-hotspot\bin\management.dll
0x00007ffc2ad80000 - 0x00007ffc2ad8b000 	C:\Program Files\Microsoft\jdk-11.0.20.8-hotspot\bin\management_ext.dll
0x00007ffc45020000 - 0x00007ffc4503b000 	C:\WINDOWS\SYSTEM32\CRYPTSP.dll
0x00007ffc448a0000 - 0x00007ffc448d5000 	C:\WINDOWS\system32\rsaenh.dll
0x00007ffc44eb0000 - 0x00007ffc44edc000 	C:\WINDOWS\SYSTEM32\USERENV.dll
0x00007ffc45010000 - 0x00007ffc4501c000 	C:\WINDOWS\SYSTEM32\CRYPTBASE.dll
0x00007ffc44400000 - 0x00007ffc4442d000 	C:\WINDOWS\SYSTEM32\IPHLPAPI.DLL
0x00007ffc471d0000 - 0x00007ffc471d9000 	C:\WINDOWS\System32\NSI.dll
0x00007ffc3d5a0000 - 0x00007ffc3d5b9000 	C:\WINDOWS\SYSTEM32\dhcpcsvc6.DLL
0x00007ffc3d2d0000 - 0x00007ffc3d2ef000 	C:\WINDOWS\SYSTEM32\dhcpcsvc.DLL
0x00007ffc44480000 - 0x00007ffc44579000 	C:\WINDOWS\SYSTEM32\DNSAPI.dll

dbghelp: loaded successfully - version: 4.0.5 - missing functions: none
symbol engine: initialized successfully - sym options: 0x614 - pdb path: .;C:\Program Files\Microsoft\jdk-11.0.20.8-hotspot\bin;C:\WINDOWS\SYSTEM32;C:\WINDOWS\WinSxS\amd64_microsoft.windows.common-controls_6595b64144ccf1df_6.0.22621.3235_none_270f74e173860f98;C:\Program Files\Microsoft\jdk-11.0.20.8-hotspot\bin\server;C:\Users\Techbumbles\.gradle\native\68d5fa5c4cc2d200863cafc0d521ce42e7d3e7ee720ec0a83991735586a16f82\windows-amd64;C:\Users\Techbumbles\.gradle\native\e376f236ea51e6404a007f0833ffe2c6e607c4080706a723a18a27aeea778392\windows-amd64

VM Arguments:
jvm_args: -XX:MaxMetaspaceSize=512m --add-opens=java.base/java.util=ALL-UNNAMED --add-opens=java.base/java.lang=ALL-UNNAMED --add-opens=java.base/java.lang.invoke=ALL-UNNAMED --add-opens=java.prefs/java.util.prefs=ALL-UNNAMED --add-opens=java.base/java.nio.charset=ALL-UNNAMED --add-opens=java.base/java.net=ALL-UNNAMED --add-opens=java.base/java.util.concurrent.atomic=ALL-UNNAMED -Xmx2048m -Dfile.encoding=windows-1252 -Duser.country=GB -Duser.language=en -Duser.variant 
java_command: org.gradle.launcher.daemon.bootstrap.GradleDaemon 8.0.1
java_class_path (initial): C:\Users\Techbumbles\.gradle\wrapper\dists\gradle-8.0.1-all\aro4hu1c3oeioove7l0i4i14o\gradle-8.0.1\lib\gradle-launcher-8.0.1.jar
Launcher Type: SUN_STANDARD

[Global flags]
     intx CICompilerCount                          = 12                                        {product} {ergonomic}
   size_t CompressedClassSpaceSize                 = 528482304                                 {product} {ergonomic}
     uint ConcGCThreads                            = 3                                         {product} {ergonomic}
     uint G1ConcRefinementThreads                  = 13                                        {product} {ergonomic}
   size_t G1HeapRegionSize                         = 1048576                                   {product} {ergonomic}
    uintx GCDrainStackTargetSize                   = 64                                        {product} {ergonomic}
   size_t InitialHeapSize                          = 264241152                                 {product} {ergonomic}
   size_t MarkStackSize                            = 4194304                                   {product} {ergonomic}
   size_t MaxHeapSize                              = 2147483648                                {product} {command line}
   size_t MaxMetaspaceSize                         = 536870912                                 {product} {command line}
   size_t MaxNewSize                               = 1287651328                                {product} {ergonomic}
   size_t MinHeapDeltaBytes                        = 1048576                                   {product} {ergonomic}
    uintx NonNMethodCodeHeapSize                   = 7594288                                {pd product} {ergonomic}
    uintx NonProfiledCodeHeapSize                  = 122031976                              {pd product} {ergonomic}
    uintx ProfiledCodeHeapSize                     = 122031976                              {pd product} {ergonomic}
    uintx ReservedCodeCacheSize                    = 251658240                              {pd product} {ergonomic}
     bool SegmentedCodeCache                       = true                                      {product} {ergonomic}
     bool UseCompressedClassPointers               = true                                 {lp64_product} {ergonomic}
     bool UseCompressedOops                        = true                                 {lp64_product} {ergonomic}
     bool UseG1GC                                  = true                                      {product} {ergonomic}
     bool UseLargePagesIndividualAllocation        = false                                  {pd product} {ergonomic}

Logging:
Log output configuration:
 #0: stdout all=warning uptime,level,tags
 #1: stderr all=off uptime,level,tags

Environment Variables:
JAVA_HOME=C:\Program Files\Microsoft\jdk-11.0.20.8-hotspot\
CLASSPATH=E:\Itero\cubbie_mediamanager_migration\android\\gradle\wrapper\gradle-wrapper.jar
PATH=E:\Itero\cubbie_mediamanager_migration\node_modules\.bin;E:\Itero\node_modules\.bin;E:\node_modules\.bin;C:\Program Files\nodejs\node_modules\npm\node_modules\@npmcli\run-script\lib\node-gyp-bin;C:\Python312\Scripts\;C:\Python312\;C:\Program Files\Microsoft\jdk-11.0.20.8-hotspot\bin;C:\Program Files\Common Files\Oracle\Java\javapath;C:\WINDOWS\system32;C:\WINDOWS;C:\WINDOWS\System32\Wbem;C:\WINDOWS\System32\WindowsPowerShell\v1.0\;C:\WINDOWS\System32\OpenSSH\;C:\Program Files\Amazon\AWSCLIV2\;C:\elastic_stack\elasticsearch-8.5.3\bin;C:\elastic_stack\kibana-8.5.3\bin;C:\mongosh-1.7.1-win32-x64\mongosh-1.7.1-win32-x64\bin;C:\Program Files\MongoDB\Server\6.0\bin;C:\Program Files\Microsoft\jdk-11.0.20.8-hotspot\\bin;C:\Tools\sonar-scanner-cli-4.8.0.2856-windows\sonar-scanner-4.8.0.2856-windows\bin;C:\ProgramData\chocolatey\bin;C:\Program Files\Microsoft SQL Server\150\Tools\Binn\;C:\Program Files\nodejs\;C:\Program Files\Git\cmd;C:\Users\Techbumbles\AppData\Local\Android\Sdk\platform-tools;C:\Users\Techbumbles\AppData\Local\Android\Sdk\tools;C:\Users\Techbumbles\AppData\Local\Android\Sdk\tools;C:\Users\Techbumbles\AppData\Local\Microsoft\WindowsApps;C:\Users\Techbumbles\AppData\Local\GitHubDesktop\bin;C:\Users\Techbumbles\AppData\Local\Android\Sdk\platform-tools;C:\Users\Techbumbles\AppData\Roaming\npm;C:\Users\Techbumbles\AppData\Local\Programs\Microsoft VS Code\bin
USERNAME=Techbumbles
LANG=en_US.UTF-8
OS=Windows_NT
PROCESSOR_IDENTIFIER=Intel64 Family 6 Model 154 Stepping 3, GenuineIntel
TMP=C:\Users\TECHBU~1\AppData\Local\Temp
TEMP=C:\Users\TECHBU~1\AppData\Local\Temp



---------------  S Y S T E M  ---------------

OS: Windows 11 , 64 bit Build 22621 (10.0.22621.3235)
OS uptime: 1 days 1:36 hours

CPU:total 16 (initial active 16) (8 cores per cpu, 2 threads per core) family 6 model 154 stepping 3 microcode 0x429, cmov, cx8, fxsr, mmx, sse, sse2, sse3, ssse3, sse4.1, sse4.2, popcnt, avx, avx2, aes, clmul, erms, 3dnowpref, lzcnt, ht, tsc, tscinvbit, bmi1, bmi2, adx, sha, fma

Memory: 4k page, system-wide physical 16067M (260M free)
TotalPageFile size 30950M (AvailPageFile size 4M)
current process WorkingSet (physical memory assigned to process): 242M, peak: 242M
current process commit charge ("private bytes"): 428M, peak: 429M

vm_info: OpenJDK 64-Bit Server VM (11.0.20+8-LTS) for windows-amd64 JRE (11.0.20+8-LTS), built on Jul  7 2023 17:05:21 by "MicrosoftCorporation" with MS VC++ 15.9 (VS2017)

END.
