#
# There is insufficient memory for the Java Runtime Environment to continue.
# Native memory allocation (malloc) failed to allocate 1069376 bytes for Chunk::new
# Possible reasons:
#   The system is out of physical RAM or swap space
#   The process is running with CompressedOops enabled, and the Java Heap may be blocking the growth of the native heap
# Possible solutions:
#   Reduce memory load on the system
#   Increase physical memory or swap space
#   Check if swap backing store is full
#   Decrease Java heap size (-Xmx/-Xms)
#   Decrease number of Java threads
#   Decrease Java thread stack sizes (-Xss)
#   Set larger code cache with -XX:ReservedCodeCacheSize=
#   JVM is running with Unscaled Compressed Oops mode in which the Java heap is
#     placed in the first 4GB address space. The Java Heap base address is the
#     maximum limit for the native heap growth. Please use -XX:HeapBaseMinAddress
#     to set the Java Heap base and to place the Java Heap above 4GB virtual address.
# This output file may be truncated or incomplete.
#
#  Out of Memory Error (arena.cpp:197), pid=23964, tid=40600
#
# JRE version: OpenJDK Runtime Environment Microsoft-8035250 (11.0.20+8) (build 11.0.20+8-LTS)
# Java VM: OpenJDK 64-Bit Server VM Microsoft-8035250 (11.0.20+8-LTS, mixed mode, tiered, compressed oops, g1 gc, windows-amd64)
# No core dump will be written. Minidumps are not enabled by default on client versions of Windows
#

---------------  S U M M A R Y ------------

Command Line: -XX:MaxMetaspaceSize=512m --add-opens=java.base/java.util=ALL-UNNAMED --add-opens=java.base/java.lang=ALL-UNNAMED --add-opens=java.base/java.lang.invoke=ALL-UNNAMED --add-opens=java.prefs/java.util.prefs=ALL-UNNAMED --add-opens=java.base/java.nio.charset=ALL-UNNAMED --add-opens=java.base/java.net=ALL-UNNAMED --add-opens=java.base/java.util.concurrent.atomic=ALL-UNNAMED -Xmx2048m -Dfile.encoding=windows-1252 -Duser.country=GB -Duser.language=en -Duser.variant org.gradle.launcher.daemon.bootstrap.GradleDaemon 8.0.1

Host: 12th Gen Intel(R) Core(TM) i5-1240P, 16 cores, 15G,  Windows 11 , 64 bit Build 22621 (10.0.22621.3085)
Time: Tue Mar 19 18:29:12 2024 India Standard Time elapsed time: 12.165398 seconds (0d 0h 0m 12s)

---------------  T H R E A D  ---------------

Current thread (0x000001d155064000):  JavaThread "C2 CompilerThread0" daemon [_thread_in_native, id=40600, stack(0x000000cc76c00000,0x000000cc76d00000)]


Current CompileTask:
C2:  12165 3887   !   4       java.net.URLClassLoader$1::run (81 bytes)

Stack: [0x000000cc76c00000,0x000000cc76d00000]
Native frames: (J=compiled Java code, j=interpreted, Vv=VM code, C=native code)
V  [jvm.dll+0x62e9da]
V  [jvm.dll+0x7bc4e9]
V  [jvm.dll+0x7bdbd8]
V  [jvm.dll+0x7be2b3]
V  [jvm.dll+0x2505a8]
V  [jvm.dll+0xc263c]
V  [jvm.dll+0xc2bfc]
V  [jvm.dll+0x2c56a4]
V  [jvm.dll+0x536a1c]
V  [jvm.dll+0x211a7b]
V  [jvm.dll+0x20b6b4]
V  [jvm.dll+0x20881b]
V  [jvm.dll+0x18a7de]
V  [jvm.dll+0x2181ec]
V  [jvm.dll+0x21642b]
V  [jvm.dll+0x77efc0]
V  [jvm.dll+0x777db4]
V  [jvm.dll+0x62d845]
C  [ucrtbase.dll+0x29363]
C  [KERNEL32.DLL+0x1257d]
C  [ntdll.dll+0x5aa58]


---------------  P R O C E S S  ---------------

Threads class SMR info:
_java_thread_list=0x000001d15620af00, length=37, elements={
0x000001d134c22000, 0x000001d154ffb800, 0x000001d154ffd000, 0x000001d15505c800,
0x000001d15505d800, 0x000001d15505f000, 0x000001d155064000, 0x000001d155065800,
0x000001d1550d4000, 0x000001d1550f2000, 0x000001d155230000, 0x000001d156b68800,
0x000001d155f25800, 0x000001d1573bc000, 0x000001d155ddc800, 0x000001d156933000,
0x000001d156a72000, 0x000001d157441000, 0x000001d157453000, 0x000001d15775a800,
0x000001d1577a7800, 0x000001d155bf8800, 0x000001d156378000, 0x000001d156379000,
0x000001d156379800, 0x000001d15637b800, 0x000001d15637a800, 0x000001d15637c000,
0x000001d156376800, 0x000001d156377800, 0x000001d15637d000, 0x000001d1576fd000,
0x000001d1576ff800, 0x000001d1576fe000, 0x000001d1576fe800, 0x000001d1576fb800,
0x000001d157701000
}

Java Threads: ( => current thread )
  0x000001d134c22000 JavaThread "main" [_thread_blocked, id=39156, stack(0x000000cc76000000,0x000000cc76100000)]
  0x000001d154ffb800 JavaThread "Reference Handler" daemon [_thread_blocked, id=38260, stack(0x000000cc76700000,0x000000cc76800000)]
  0x000001d154ffd000 JavaThread "Finalizer" daemon [_thread_blocked, id=19804, stack(0x000000cc76800000,0x000000cc76900000)]
  0x000001d15505c800 JavaThread "Signal Dispatcher" daemon [_thread_blocked, id=30536, stack(0x000000cc76900000,0x000000cc76a00000)]
  0x000001d15505d800 JavaThread "Attach Listener" daemon [_thread_blocked, id=34200, stack(0x000000cc76a00000,0x000000cc76b00000)]
  0x000001d15505f000 JavaThread "Service Thread" daemon [_thread_blocked, id=35244, stack(0x000000cc76b00000,0x000000cc76c00000)]
=>0x000001d155064000 JavaThread "C2 CompilerThread0" daemon [_thread_in_native, id=40600, stack(0x000000cc76c00000,0x000000cc76d00000)]
  0x000001d155065800 JavaThread "C1 CompilerThread0" daemon [_thread_blocked, id=43348, stack(0x000000cc76d00000,0x000000cc76e00000)]
  0x000001d1550d4000 JavaThread "Sweeper thread" daemon [_thread_blocked, id=42752, stack(0x000000cc76e00000,0x000000cc76f00000)]
  0x000001d1550f2000 JavaThread "C1 CompilerThread1" daemon [_thread_blocked, id=12280, stack(0x000000cc76f00000,0x000000cc77000000)]
  0x000001d155230000 JavaThread "Common-Cleaner" daemon [_thread_blocked, id=40432, stack(0x000000cc77000000,0x000000cc77100000)]
  0x000001d156b68800 JavaThread "Daemon health stats" [_thread_blocked, id=33960, stack(0x000000cc77300000,0x000000cc77400000)]
  0x000001d155f25800 JavaThread "C1 CompilerThread2" daemon [_thread_blocked, id=29484, stack(0x000000cc77200000,0x000000cc77300000)]
  0x000001d1573bc000 JavaThread "Incoming local TCP Connector on port 52356" [_thread_in_native, id=38124, stack(0x000000cc77900000,0x000000cc77a00000)]
  0x000001d155ddc800 JavaThread "Daemon periodic checks" [_thread_blocked, id=32024, stack(0x000000cc77a00000,0x000000cc77b00000)]
  0x000001d156933000 JavaThread "Daemon" [_thread_blocked, id=21844, stack(0x000000cc77b00000,0x000000cc77c00000)]
  0x000001d156a72000 JavaThread "Handler for socket connection from /127.0.0.1:52356 to /127.0.0.1:52358" [_thread_in_native, id=10608, stack(0x000000cc77c00000,0x000000cc77d00000)]
  0x000001d157441000 JavaThread "Cancel handler" [_thread_blocked, id=39504, stack(0x000000cc77d00000,0x000000cc77e00000)]
  0x000001d157453000 JavaThread "Daemon worker" [_thread_in_vm, id=43600, stack(0x000000cc77e00000,0x000000cc77f00000)]
  0x000001d15775a800 JavaThread "Asynchronous log dispatcher for DefaultDaemonConnection: socket connection from /127.0.0.1:52356 to /127.0.0.1:52358" [_thread_blocked, id=38600, stack(0x000000cc77f00000,0x000000cc78000000)]
  0x000001d1577a7800 JavaThread "Stdin handler" [_thread_blocked, id=8728, stack(0x000000cc78000000,0x000000cc78100000)]
  0x000001d155bf8800 JavaThread "Daemon client event forwarder" [_thread_blocked, id=23872, stack(0x000000cc78100000,0x000000cc78200000)]
  0x000001d156378000 JavaThread "Cache worker for journal cache (C:\Users\Techbumbles\.gradle\caches\journal-1)" [_thread_blocked, id=17176, stack(0x000000cc78b00000,0x000000cc78c00000)]
  0x000001d156379000 JavaThread "File lock request listener" [_thread_in_native, id=42012, stack(0x000000cc78c00000,0x000000cc78d00000)]
  0x000001d156379800 JavaThread "Cache worker for file hash cache (C:\Users\Techbumbles\.gradle\caches\8.0.1\fileHashes)" [_thread_blocked, id=35316, stack(0x000000cc78d00000,0x000000cc78e00000)]
  0x000001d15637b800 JavaThread "File watcher server" daemon [_thread_in_native, id=43584, stack(0x000000cc78e00000,0x000000cc78f00000)]
  0x000001d15637a800 JavaThread "File watcher consumer" daemon [_thread_blocked, id=40928, stack(0x000000cc78f00000,0x000000cc79000000)]
  0x000001d15637c000 JavaThread "Cache worker for checksums cache (D:\ITERO\Cubbie Project\cubbie_mediamanager_migration\android\.gradle\8.0.1\checksums)" [_thread_blocked, id=20316, stack(0x000000cc79000000,0x000000cc79100000)]
  0x000001d156376800 JavaThread "Cache worker for cache directory md-rule (C:\Users\Techbumbles\.gradle\caches\8.0.1\md-rule)" [_thread_blocked, id=41832, stack(0x000000cc79100000,0x000000cc79200000)]
  0x000001d156377800 JavaThread "Cache worker for file content cache (C:\Users\Techbumbles\.gradle\caches\8.0.1\fileContent)" [_thread_blocked, id=9800, stack(0x000000cc79200000,0x000000cc79300000)]
  0x000001d15637d000 JavaThread "Cache worker for file hash cache (D:\ITERO\Cubbie Project\cubbie_mediamanager_migration\android\.gradle\8.0.1\fileHashes)" [_thread_blocked, id=34204, stack(0x000000cc79300000,0x000000cc79400000)]
  0x000001d1576fd000 JavaThread "Cache worker for cache directory md-supplier (C:\Users\Techbumbles\.gradle\caches\8.0.1\md-supplier)" [_thread_blocked, id=37872, stack(0x000000cc79400000,0x000000cc79500000)]
  0x000001d1576ff800 JavaThread "Cache worker for execution history cache (C:\Users\Techbumbles\.gradle\caches\8.0.1\executionHistory)" [_thread_blocked, id=9608, stack(0x000000cc79500000,0x000000cc79600000)]
  0x000001d1576fe000 JavaThread "jar transforms" [_thread_blocked, id=26224, stack(0x000000cc79600000,0x000000cc79700000)]
  0x000001d1576fe800 JavaThread "jar transforms Thread 2" [_thread_blocked, id=20684, stack(0x000000cc79700000,0x000000cc79800000)]
  0x000001d1576fb800 JavaThread "jar transforms Thread 3" [_thread_blocked, id=12304, stack(0x000000cc79800000,0x000000cc79900000)]
  0x000001d157701000 JavaThread "jar transforms Thread 4" [_thread_blocked, id=20376, stack(0x000000cc79900000,0x000000cc79a00000)]

Other Threads:
  0x000001d154ff7800 VMThread "VM Thread" [stack: 0x000000cc76600000,0x000000cc76700000] [id=40520]
  0x000001d155259000 WatcherThread [stack: 0x000000cc77100000,0x000000cc77200000] [id=39944]
  0x000001d134c3d000 GCTaskThread "GC Thread#0" [stack: 0x000000cc76100000,0x000000cc76200000] [id=24336]
  0x000001d156093000 GCTaskThread "GC Thread#1" [stack: 0x000000cc77400000,0x000000cc77500000] [id=18208]
  0x000001d156021000 GCTaskThread "GC Thread#2" [stack: 0x000000cc77500000,0x000000cc77600000] [id=17900]
  0x000001d156c8e000 GCTaskThread "GC Thread#3" [stack: 0x000000cc77600000,0x000000cc77700000] [id=10464]
  0x000001d155d41800 GCTaskThread "GC Thread#4" [stack: 0x000000cc77700000,0x000000cc77800000] [id=43828]
  0x000001d155e47000 GCTaskThread "GC Thread#5" [stack: 0x000000cc77800000,0x000000cc77900000] [id=38700]
  0x000001d156051000 GCTaskThread "GC Thread#6" [stack: 0x000000cc78200000,0x000000cc78300000] [id=43716]
  0x000001d15645d000 GCTaskThread "GC Thread#7" [stack: 0x000000cc78300000,0x000000cc78400000] [id=40968]
  0x000001d15698b800 GCTaskThread "GC Thread#8" [stack: 0x000000cc78400000,0x000000cc78500000] [id=40024]
  0x000001d156f8f800 GCTaskThread "GC Thread#9" [stack: 0x000000cc78500000,0x000000cc78600000] [id=39600]
  0x000001d155182000 GCTaskThread "GC Thread#10" [stack: 0x000000cc78600000,0x000000cc78700000] [id=42268]
  0x000001d155182800 GCTaskThread "GC Thread#11" [stack: 0x000000cc78700000,0x000000cc78800000] [id=36916]
  0x000001d1551d1800 GCTaskThread "GC Thread#12" [stack: 0x000000cc78800000,0x000000cc78900000] [id=31544]
  0x000001d134c6e800 ConcurrentGCThread "G1 Main Marker" [stack: 0x000000cc76200000,0x000000cc76300000] [id=20080]
  0x000001d134c70000 ConcurrentGCThread "G1 Conc#0" [stack: 0x000000cc76300000,0x000000cc76400000] [id=15952]
  0x000001d156ee8800 ConcurrentGCThread "G1 Conc#1" [stack: 0x000000cc78900000,0x000000cc78a00000] [id=33384]
  0x000001d155f0b800 ConcurrentGCThread "G1 Conc#2" [stack: 0x000000cc78a00000,0x000000cc78b00000] [id=40972]
  0x000001d154664800 ConcurrentGCThread "G1 Refine#0" [stack: 0x000000cc76400000,0x000000cc76500000] [id=27632]
  0x000001d154665800 ConcurrentGCThread "G1 Young RemSet Sampling" [stack: 0x000000cc76500000,0x000000cc76600000] [id=39184]

Threads with active compile tasks:
C2 CompilerThread0    12186 3887   !   4       java.net.URLClassLoader$1::run (81 bytes)

VM state:not at safepoint (normal execution)

VM Mutex/Monitor currently owned by a thread: None

Heap address: 0x0000000080000000, size: 2048 MB, Compressed Oops mode: 32-bit
Narrow klass base: 0x0000000000000000, Narrow klass shift: 3
Compressed class space size: 528482304 Address: 0x0000000100000000

Heap:
 garbage-first heap   total 258048K, used 94510K [0x0000000080000000, 0x0000000100000000)
  region size 1024K, 74 young (75776K), 6 survivors (6144K)
 Metaspace       used 41697K, capacity 42849K, committed 43088K, reserved 557056K
  class space    used 5210K, capacity 5615K, committed 5632K, reserved 516096K
Heap Regions: E=young(eden), S=young(survivor), O=old, HS=humongous(starts), HC=humongous(continues), CS=collection set, F=free, A=archive, TAMS=top-at-mark-start (previous, next)
|   0|0x0000000080000000, 0x0000000080100000, 0x0000000080100000|100%|HS|  |TAMS 0x0000000080100000, 0x0000000080000000| Complete 
|   1|0x0000000080100000, 0x0000000080200000, 0x0000000080200000|100%|HC|  |TAMS 0x0000000080200000, 0x0000000080100000| Complete 
|   2|0x0000000080200000, 0x0000000080300000, 0x0000000080300000|100%|HC|  |TAMS 0x0000000080300000, 0x0000000080200000| Complete 
|   3|0x0000000080300000, 0x0000000080400000, 0x0000000080400000|100%|HC|  |TAMS 0x0000000080400000, 0x0000000080300000| Complete 
|   4|0x0000000080400000, 0x0000000080500000, 0x0000000080500000|100%| O|  |TAMS 0x0000000080500000, 0x0000000080400000| Untracked 
|   5|0x0000000080500000, 0x0000000080600000, 0x0000000080600000|100%| O|  |TAMS 0x0000000080600000, 0x0000000080500000| Untracked 
|   6|0x0000000080600000, 0x0000000080700000, 0x0000000080700000|100%| O|  |TAMS 0x0000000080700000, 0x0000000080600000| Untracked 
|   7|0x0000000080700000, 0x0000000080800000, 0x0000000080800000|100%| O|  |TAMS 0x0000000080800000, 0x0000000080700000| Untracked 
|   8|0x0000000080800000, 0x0000000080900000, 0x0000000080900000|100%| O|  |TAMS 0x0000000080900000, 0x0000000080800000| Untracked 
|   9|0x0000000080900000, 0x0000000080a00000, 0x0000000080a00000|100%| O|  |TAMS 0x0000000080a00000, 0x0000000080900000| Untracked 
|  10|0x0000000080a00000, 0x0000000080b00000, 0x0000000080b00000|100%| O|  |TAMS 0x0000000080b00000, 0x0000000080a00000| Untracked 
|  11|0x0000000080b00000, 0x0000000080c00000, 0x0000000080c00000|100%| O|  |TAMS 0x0000000080c00000, 0x0000000080b00000| Untracked 
|  12|0x0000000080c00000, 0x0000000080d00000, 0x0000000080d00000|100%| O|  |TAMS 0x0000000080d00000, 0x0000000080c00000| Untracked 
|  13|0x0000000080d00000, 0x0000000080e00000, 0x0000000080e00000|100%| O|  |TAMS 0x0000000080e00000, 0x0000000080d00000| Untracked 
|  14|0x0000000080e00000, 0x0000000080f00000, 0x0000000080f00000|100%| O|  |TAMS 0x0000000080f00000, 0x0000000080e00000| Untracked 
|  15|0x0000000080f00000, 0x0000000081000000, 0x0000000081000000|100%| O|  |TAMS 0x0000000081000000, 0x0000000080f00000| Untracked 
|  16|0x0000000081000000, 0x0000000081100000, 0x0000000081100000|100%| O|  |TAMS 0x0000000081100000, 0x0000000081000000| Untracked 
|  17|0x0000000081100000, 0x0000000081199200, 0x0000000081200000| 59%| O|  |TAMS 0x0000000081199200, 0x0000000081100000| Untracked 
|  18|0x0000000081200000, 0x0000000081300000, 0x0000000081300000|100%|HS|  |TAMS 0x0000000081200000, 0x0000000081200000| Complete 
|  19|0x0000000081300000, 0x0000000081400000, 0x0000000081400000|100%|HS|  |TAMS 0x0000000081300000, 0x0000000081300000| Complete 
|  20|0x0000000081400000, 0x0000000081500000, 0x0000000081500000|100%|HC|  |TAMS 0x0000000081400000, 0x0000000081400000| Complete 
|  21|0x0000000081500000, 0x0000000081500000, 0x0000000081600000|  0%| F|  |TAMS 0x0000000081500000, 0x0000000081500000| Untracked 
|  22|0x0000000081600000, 0x0000000081600000, 0x0000000081700000|  0%| F|  |TAMS 0x0000000081600000, 0x0000000081600000| Untracked 
|  23|0x0000000081700000, 0x0000000081700000, 0x0000000081800000|  0%| F|  |TAMS 0x0000000081700000, 0x0000000081700000| Untracked 
|  24|0x0000000081800000, 0x0000000081800000, 0x0000000081900000|  0%| F|  |TAMS 0x0000000081800000, 0x0000000081800000| Untracked 
|  25|0x0000000081900000, 0x0000000081900000, 0x0000000081a00000|  0%| F|  |TAMS 0x0000000081900000, 0x0000000081900000| Untracked 
|  26|0x0000000081a00000, 0x0000000081a00000, 0x0000000081b00000|  0%| F|  |TAMS 0x0000000081a00000, 0x0000000081a00000| Untracked 
|  27|0x0000000081b00000, 0x0000000081b00000, 0x0000000081c00000|  0%| F|  |TAMS 0x0000000081b00000, 0x0000000081b00000| Untracked 
|  28|0x0000000081c00000, 0x0000000081c00000, 0x0000000081d00000|  0%| F|  |TAMS 0x0000000081c00000, 0x0000000081c00000| Untracked 
|  29|0x0000000081d00000, 0x0000000081d00000, 0x0000000081e00000|  0%| F|  |TAMS 0x0000000081d00000, 0x0000000081d00000| Untracked 
|  30|0x0000000081e00000, 0x0000000081e00000, 0x0000000081f00000|  0%| F|  |TAMS 0x0000000081e00000, 0x0000000081e00000| Untracked 
|  31|0x0000000081f00000, 0x0000000081f00000, 0x0000000082000000|  0%| F|  |TAMS 0x0000000081f00000, 0x0000000081f00000| Untracked 
|  32|0x0000000082000000, 0x0000000082000000, 0x0000000082100000|  0%| F|  |TAMS 0x0000000082000000, 0x0000000082000000| Untracked 
|  33|0x0000000082100000, 0x0000000082100000, 0x0000000082200000|  0%| F|  |TAMS 0x0000000082100000, 0x0000000082100000| Untracked 
|  34|0x0000000082200000, 0x0000000082200000, 0x0000000082300000|  0%| F|  |TAMS 0x0000000082200000, 0x0000000082200000| Untracked 
|  35|0x0000000082300000, 0x0000000082300000, 0x0000000082400000|  0%| F|  |TAMS 0x0000000082300000, 0x0000000082300000| Untracked 
|  36|0x0000000082400000, 0x0000000082400000, 0x0000000082500000|  0%| F|  |TAMS 0x0000000082400000, 0x0000000082400000| Untracked 
|  37|0x0000000082500000, 0x0000000082500000, 0x0000000082600000|  0%| F|  |TAMS 0x0000000082500000, 0x0000000082500000| Untracked 
|  38|0x0000000082600000, 0x0000000082600000, 0x0000000082700000|  0%| F|  |TAMS 0x0000000082600000, 0x0000000082600000| Untracked 
|  39|0x0000000082700000, 0x0000000082700000, 0x0000000082800000|  0%| F|  |TAMS 0x0000000082700000, 0x0000000082700000| Untracked 
|  40|0x0000000082800000, 0x0000000082800000, 0x0000000082900000|  0%| F|  |TAMS 0x0000000082800000, 0x0000000082800000| Untracked 
|  41|0x0000000082900000, 0x0000000082900000, 0x0000000082a00000|  0%| F|  |TAMS 0x0000000082900000, 0x0000000082900000| Untracked 
|  42|0x0000000082a00000, 0x0000000082a00000, 0x0000000082b00000|  0%| F|  |TAMS 0x0000000082a00000, 0x0000000082a00000| Untracked 
|  43|0x0000000082b00000, 0x0000000082b00000, 0x0000000082c00000|  0%| F|  |TAMS 0x0000000082b00000, 0x0000000082b00000| Untracked 
|  44|0x0000000082c00000, 0x0000000082c00000, 0x0000000082d00000|  0%| F|  |TAMS 0x0000000082c00000, 0x0000000082c00000| Untracked 
|  45|0x0000000082d00000, 0x0000000082d00000, 0x0000000082e00000|  0%| F|  |TAMS 0x0000000082d00000, 0x0000000082d00000| Untracked 
|  46|0x0000000082e00000, 0x0000000082e00000, 0x0000000082f00000|  0%| F|  |TAMS 0x0000000082e00000, 0x0000000082e00000| Untracked 
|  47|0x0000000082f00000, 0x0000000082f00000, 0x0000000083000000|  0%| F|  |TAMS 0x0000000082f00000, 0x0000000082f00000| Untracked 
|  48|0x0000000083000000, 0x0000000083000000, 0x0000000083100000|  0%| F|  |TAMS 0x0000000083000000, 0x0000000083000000| Untracked 
|  49|0x0000000083100000, 0x0000000083100000, 0x0000000083200000|  0%| F|  |TAMS 0x0000000083100000, 0x0000000083100000| Untracked 
|  50|0x0000000083200000, 0x0000000083200000, 0x0000000083300000|  0%| F|  |TAMS 0x0000000083200000, 0x0000000083200000| Untracked 
|  51|0x0000000083300000, 0x0000000083300000, 0x0000000083400000|  0%| F|  |TAMS 0x0000000083300000, 0x0000000083300000| Untracked 
|  52|0x0000000083400000, 0x0000000083400000, 0x0000000083500000|  0%| F|  |TAMS 0x0000000083400000, 0x0000000083400000| Untracked 
|  53|0x0000000083500000, 0x0000000083500000, 0x0000000083600000|  0%| F|  |TAMS 0x0000000083500000, 0x0000000083500000| Untracked 
|  54|0x0000000083600000, 0x0000000083600000, 0x0000000083700000|  0%| F|  |TAMS 0x0000000083600000, 0x0000000083600000| Untracked 
|  55|0x0000000083700000, 0x0000000083700000, 0x0000000083800000|  0%| F|  |TAMS 0x0000000083700000, 0x0000000083700000| Untracked 
|  56|0x0000000083800000, 0x0000000083800000, 0x0000000083900000|  0%| F|  |TAMS 0x0000000083800000, 0x0000000083800000| Untracked 
|  57|0x0000000083900000, 0x0000000083900000, 0x0000000083a00000|  0%| F|  |TAMS 0x0000000083900000, 0x0000000083900000| Untracked 
|  58|0x0000000083a00000, 0x0000000083a00000, 0x0000000083b00000|  0%| F|  |TAMS 0x0000000083a00000, 0x0000000083a00000| Untracked 
|  59|0x0000000083b00000, 0x0000000083b00000, 0x0000000083c00000|  0%| F|  |TAMS 0x0000000083b00000, 0x0000000083b00000| Untracked 
|  60|0x0000000083c00000, 0x0000000083c00000, 0x0000000083d00000|  0%| F|  |TAMS 0x0000000083c00000, 0x0000000083c00000| Untracked 
|  61|0x0000000083d00000, 0x0000000083d00000, 0x0000000083e00000|  0%| F|  |TAMS 0x0000000083d00000, 0x0000000083d00000| Untracked 
|  62|0x0000000083e00000, 0x0000000083e00000, 0x0000000083f00000|  0%| F|  |TAMS 0x0000000083e00000, 0x0000000083e00000| Untracked 
|  63|0x0000000083f00000, 0x0000000083f00000, 0x0000000084000000|  0%| F|  |TAMS 0x0000000083f00000, 0x0000000083f00000| Untracked 
|  64|0x0000000084000000, 0x0000000084000000, 0x0000000084100000|  0%| F|  |TAMS 0x0000000084000000, 0x0000000084000000| Untracked 
|  65|0x0000000084100000, 0x0000000084100000, 0x0000000084200000|  0%| F|  |TAMS 0x0000000084100000, 0x0000000084100000| Untracked 
|  66|0x0000000084200000, 0x0000000084200000, 0x0000000084300000|  0%| F|  |TAMS 0x0000000084200000, 0x0000000084200000| Untracked 
|  67|0x0000000084300000, 0x0000000084300000, 0x0000000084400000|  0%| F|  |TAMS 0x0000000084300000, 0x0000000084300000| Untracked 
|  68|0x0000000084400000, 0x0000000084400000, 0x0000000084500000|  0%| F|  |TAMS 0x0000000084400000, 0x0000000084400000| Untracked 
|  69|0x0000000084500000, 0x0000000084500000, 0x0000000084600000|  0%| F|  |TAMS 0x0000000084500000, 0x0000000084500000| Untracked 
|  70|0x0000000084600000, 0x0000000084600000, 0x0000000084700000|  0%| F|  |TAMS 0x0000000084600000, 0x0000000084600000| Untracked 
|  71|0x0000000084700000, 0x0000000084700000, 0x0000000084800000|  0%| F|  |TAMS 0x0000000084700000, 0x0000000084700000| Untracked 
|  72|0x0000000084800000, 0x0000000084800000, 0x0000000084900000|  0%| F|  |TAMS 0x0000000084800000, 0x0000000084800000| Untracked 
|  73|0x0000000084900000, 0x0000000084900000, 0x0000000084a00000|  0%| F|  |TAMS 0x0000000084900000, 0x0000000084900000| Untracked 
|  74|0x0000000084a00000, 0x0000000084a00000, 0x0000000084b00000|  0%| F|  |TAMS 0x0000000084a00000, 0x0000000084a00000| Untracked 
|  75|0x0000000084b00000, 0x0000000084b00000, 0x0000000084c00000|  0%| F|  |TAMS 0x0000000084b00000, 0x0000000084b00000| Untracked 
|  76|0x0000000084c00000, 0x0000000084c00000, 0x0000000084d00000|  0%| F|  |TAMS 0x0000000084c00000, 0x0000000084c00000| Untracked 
|  77|0x0000000084d00000, 0x0000000084d00000, 0x0000000084e00000|  0%| F|  |TAMS 0x0000000084d00000, 0x0000000084d00000| Untracked 
|  78|0x0000000084e00000, 0x0000000084e00000, 0x0000000084f00000|  0%| F|  |TAMS 0x0000000084e00000, 0x0000000084e00000| Untracked 
|  79|0x0000000084f00000, 0x0000000084f00000, 0x0000000085000000|  0%| F|  |TAMS 0x0000000084f00000, 0x0000000084f00000| Untracked 
|  80|0x0000000085000000, 0x0000000085000000, 0x0000000085100000|  0%| F|  |TAMS 0x0000000085000000, 0x0000000085000000| Untracked 
|  81|0x0000000085100000, 0x0000000085100000, 0x0000000085200000|  0%| F|  |TAMS 0x0000000085100000, 0x0000000085100000| Untracked 
|  82|0x0000000085200000, 0x0000000085200000, 0x0000000085300000|  0%| F|  |TAMS 0x0000000085200000, 0x0000000085200000| Untracked 
|  83|0x0000000085300000, 0x0000000085300000, 0x0000000085400000|  0%| F|  |TAMS 0x0000000085300000, 0x0000000085300000| Untracked 
|  84|0x0000000085400000, 0x0000000085400000, 0x0000000085500000|  0%| F|  |TAMS 0x0000000085400000, 0x0000000085400000| Untracked 
|  85|0x0000000085500000, 0x0000000085500000, 0x0000000085600000|  0%| F|  |TAMS 0x0000000085500000, 0x0000000085500000| Untracked 
|  86|0x0000000085600000, 0x0000000085600000, 0x0000000085700000|  0%| F|  |TAMS 0x0000000085600000, 0x0000000085600000| Untracked 
|  87|0x0000000085700000, 0x0000000085700000, 0x0000000085800000|  0%| F|  |TAMS 0x0000000085700000, 0x0000000085700000| Untracked 
|  88|0x0000000085800000, 0x0000000085800000, 0x0000000085900000|  0%| F|  |TAMS 0x0000000085800000, 0x0000000085800000| Untracked 
|  89|0x0000000085900000, 0x0000000085900000, 0x0000000085a00000|  0%| F|  |TAMS 0x0000000085900000, 0x0000000085900000| Untracked 
|  90|0x0000000085a00000, 0x0000000085a00000, 0x0000000085b00000|  0%| F|  |TAMS 0x0000000085a00000, 0x0000000085a00000| Untracked 
|  91|0x0000000085b00000, 0x0000000085b00000, 0x0000000085c00000|  0%| F|  |TAMS 0x0000000085b00000, 0x0000000085b00000| Untracked 
|  92|0x0000000085c00000, 0x0000000085c00000, 0x0000000085d00000|  0%| F|  |TAMS 0x0000000085c00000, 0x0000000085c00000| Untracked 
|  93|0x0000000085d00000, 0x0000000085d00000, 0x0000000085e00000|  0%| F|  |TAMS 0x0000000085d00000, 0x0000000085d00000| Untracked 
|  94|0x0000000085e00000, 0x0000000085e00000, 0x0000000085f00000|  0%| F|  |TAMS 0x0000000085e00000, 0x0000000085e00000| Untracked 
|  95|0x0000000085f00000, 0x0000000085f00000, 0x0000000086000000|  0%| F|  |TAMS 0x0000000085f00000, 0x0000000085f00000| Untracked 
|  96|0x0000000086000000, 0x0000000086000000, 0x0000000086100000|  0%| F|  |TAMS 0x0000000086000000, 0x0000000086000000| Untracked 
|  97|0x0000000086100000, 0x0000000086100000, 0x0000000086200000|  0%| F|  |TAMS 0x0000000086100000, 0x0000000086100000| Untracked 
|  98|0x0000000086200000, 0x0000000086200000, 0x0000000086300000|  0%| F|  |TAMS 0x0000000086200000, 0x0000000086200000| Untracked 
|  99|0x0000000086300000, 0x0000000086300000, 0x0000000086400000|  0%| F|  |TAMS 0x0000000086300000, 0x0000000086300000| Untracked 
| 100|0x0000000086400000, 0x0000000086400000, 0x0000000086500000|  0%| F|  |TAMS 0x0000000086400000, 0x0000000086400000| Untracked 
| 101|0x0000000086500000, 0x0000000086500000, 0x0000000086600000|  0%| F|  |TAMS 0x0000000086500000, 0x0000000086500000| Untracked 
| 102|0x0000000086600000, 0x0000000086600000, 0x0000000086700000|  0%| F|  |TAMS 0x0000000086600000, 0x0000000086600000| Untracked 
| 103|0x0000000086700000, 0x0000000086700000, 0x0000000086800000|  0%| F|  |TAMS 0x0000000086700000, 0x0000000086700000| Untracked 
| 104|0x0000000086800000, 0x0000000086800000, 0x0000000086900000|  0%| F|  |TAMS 0x0000000086800000, 0x0000000086800000| Untracked 
| 105|0x0000000086900000, 0x0000000086900000, 0x0000000086a00000|  0%| F|  |TAMS 0x0000000086900000, 0x0000000086900000| Untracked 
| 106|0x0000000086a00000, 0x0000000086a00000, 0x0000000086b00000|  0%| F|  |TAMS 0x0000000086a00000, 0x0000000086a00000| Untracked 
| 107|0x0000000086b00000, 0x0000000086b00000, 0x0000000086c00000|  0%| F|  |TAMS 0x0000000086b00000, 0x0000000086b00000| Untracked 
| 108|0x0000000086c00000, 0x0000000086c00000, 0x0000000086d00000|  0%| F|  |TAMS 0x0000000086c00000, 0x0000000086c00000| Untracked 
| 109|0x0000000086d00000, 0x0000000086d00000, 0x0000000086e00000|  0%| F|  |TAMS 0x0000000086d00000, 0x0000000086d00000| Untracked 
| 110|0x0000000086e00000, 0x0000000086e00000, 0x0000000086f00000|  0%| F|  |TAMS 0x0000000086e00000, 0x0000000086e00000| Untracked 
| 111|0x0000000086f00000, 0x0000000086f00000, 0x0000000087000000|  0%| F|  |TAMS 0x0000000086f00000, 0x0000000086f00000| Untracked 
| 112|0x0000000087000000, 0x0000000087000000, 0x0000000087100000|  0%| F|  |TAMS 0x0000000087000000, 0x0000000087000000| Untracked 
| 113|0x0000000087100000, 0x0000000087100000, 0x0000000087200000|  0%| F|  |TAMS 0x0000000087100000, 0x0000000087100000| Untracked 
| 114|0x0000000087200000, 0x0000000087200000, 0x0000000087300000|  0%| F|  |TAMS 0x0000000087200000, 0x0000000087200000| Untracked 
| 115|0x0000000087300000, 0x0000000087300000, 0x0000000087400000|  0%| F|  |TAMS 0x0000000087300000, 0x0000000087300000| Untracked 
| 116|0x0000000087400000, 0x0000000087400000, 0x0000000087500000|  0%| F|  |TAMS 0x0000000087400000, 0x0000000087400000| Untracked 
| 117|0x0000000087500000, 0x0000000087500000, 0x0000000087600000|  0%| F|  |TAMS 0x0000000087500000, 0x0000000087500000| Untracked 
| 118|0x0000000087600000, 0x0000000087600000, 0x0000000087700000|  0%| F|  |TAMS 0x0000000087600000, 0x0000000087600000| Untracked 
| 119|0x0000000087700000, 0x0000000087700000, 0x0000000087800000|  0%| F|  |TAMS 0x0000000087700000, 0x0000000087700000| Untracked 
| 120|0x0000000087800000, 0x0000000087800000, 0x0000000087900000|  0%| F|  |TAMS 0x0000000087800000, 0x0000000087800000| Untracked 
| 121|0x0000000087900000, 0x0000000087900000, 0x0000000087a00000|  0%| F|  |TAMS 0x0000000087900000, 0x0000000087900000| Untracked 
| 122|0x0000000087a00000, 0x0000000087a00000, 0x0000000087b00000|  0%| F|  |TAMS 0x0000000087a00000, 0x0000000087a00000| Untracked 
| 123|0x0000000087b00000, 0x0000000087b00000, 0x0000000087c00000|  0%| F|  |TAMS 0x0000000087b00000, 0x0000000087b00000| Untracked 
| 124|0x0000000087c00000, 0x0000000087c00000, 0x0000000087d00000|  0%| F|  |TAMS 0x0000000087c00000, 0x0000000087c00000| Untracked 
| 125|0x0000000087d00000, 0x0000000087d00000, 0x0000000087e00000|  0%| F|  |TAMS 0x0000000087d00000, 0x0000000087d00000| Untracked 
| 126|0x0000000087e00000, 0x0000000087e00000, 0x0000000087f00000|  0%| F|  |TAMS 0x0000000087e00000, 0x0000000087e00000| Untracked 
| 127|0x0000000087f00000, 0x0000000087f00000, 0x0000000088000000|  0%| F|  |TAMS 0x0000000087f00000, 0x0000000087f00000| Untracked 
| 128|0x0000000088000000, 0x0000000088000000, 0x0000000088100000|  0%| F|  |TAMS 0x0000000088000000, 0x0000000088000000| Untracked 
| 129|0x0000000088100000, 0x0000000088100000, 0x0000000088200000|  0%| F|  |TAMS 0x0000000088100000, 0x0000000088100000| Untracked 
| 130|0x0000000088200000, 0x0000000088200000, 0x0000000088300000|  0%| F|  |TAMS 0x0000000088200000, 0x0000000088200000| Untracked 
| 131|0x0000000088300000, 0x0000000088300000, 0x0000000088400000|  0%| F|  |TAMS 0x0000000088300000, 0x0000000088300000| Untracked 
| 132|0x0000000088400000, 0x0000000088400000, 0x0000000088500000|  0%| F|  |TAMS 0x0000000088400000, 0x0000000088400000| Untracked 
| 133|0x0000000088500000, 0x0000000088500000, 0x0000000088600000|  0%| F|  |TAMS 0x0000000088500000, 0x0000000088500000| Untracked 
| 134|0x0000000088600000, 0x0000000088600000, 0x0000000088700000|  0%| F|  |TAMS 0x0000000088600000, 0x0000000088600000| Untracked 
| 135|0x0000000088700000, 0x0000000088700000, 0x0000000088800000|  0%| F|  |TAMS 0x0000000088700000, 0x0000000088700000| Untracked 
| 136|0x0000000088800000, 0x0000000088800000, 0x0000000088900000|  0%| F|  |TAMS 0x0000000088800000, 0x0000000088800000| Untracked 
| 137|0x0000000088900000, 0x0000000088900000, 0x0000000088a00000|  0%| F|  |TAMS 0x0000000088900000, 0x0000000088900000| Untracked 
| 138|0x0000000088a00000, 0x0000000088a00000, 0x0000000088b00000|  0%| F|  |TAMS 0x0000000088a00000, 0x0000000088a00000| Untracked 
| 139|0x0000000088b00000, 0x0000000088b00000, 0x0000000088c00000|  0%| F|  |TAMS 0x0000000088b00000, 0x0000000088b00000| Untracked 
| 140|0x0000000088c00000, 0x0000000088c00000, 0x0000000088d00000|  0%| F|  |TAMS 0x0000000088c00000, 0x0000000088c00000| Untracked 
| 141|0x0000000088d00000, 0x0000000088d00000, 0x0000000088e00000|  0%| F|  |TAMS 0x0000000088d00000, 0x0000000088d00000| Untracked 
| 142|0x0000000088e00000, 0x0000000088e00000, 0x0000000088f00000|  0%| F|  |TAMS 0x0000000088e00000, 0x0000000088e00000| Untracked 
| 143|0x0000000088f00000, 0x0000000088f00000, 0x0000000089000000|  0%| F|  |TAMS 0x0000000088f00000, 0x0000000088f00000| Untracked 
| 144|0x0000000089000000, 0x0000000089000000, 0x0000000089100000|  0%| F|  |TAMS 0x0000000089000000, 0x0000000089000000| Untracked 
| 145|0x0000000089100000, 0x0000000089100000, 0x0000000089200000|  0%| F|  |TAMS 0x0000000089100000, 0x0000000089100000| Untracked 
| 146|0x0000000089200000, 0x0000000089200000, 0x0000000089300000|  0%| F|  |TAMS 0x0000000089200000, 0x0000000089200000| Untracked 
| 147|0x0000000089300000, 0x0000000089300000, 0x0000000089400000|  0%| F|  |TAMS 0x0000000089300000, 0x0000000089300000| Untracked 
| 148|0x0000000089400000, 0x0000000089400000, 0x0000000089500000|  0%| F|  |TAMS 0x0000000089400000, 0x0000000089400000| Untracked 
| 149|0x0000000089500000, 0x0000000089500000, 0x0000000089600000|  0%| F|  |TAMS 0x0000000089500000, 0x0000000089500000| Untracked 
| 150|0x0000000089600000, 0x0000000089600000, 0x0000000089700000|  0%| F|  |TAMS 0x0000000089600000, 0x0000000089600000| Untracked 
| 151|0x0000000089700000, 0x0000000089700000, 0x0000000089800000|  0%| F|  |TAMS 0x0000000089700000, 0x0000000089700000| Untracked 
| 152|0x0000000089800000, 0x0000000089800000, 0x0000000089900000|  0%| F|  |TAMS 0x0000000089800000, 0x0000000089800000| Untracked 
| 153|0x0000000089900000, 0x0000000089900000, 0x0000000089a00000|  0%| F|  |TAMS 0x0000000089900000, 0x0000000089900000| Untracked 
| 154|0x0000000089a00000, 0x0000000089a00000, 0x0000000089b00000|  0%| F|  |TAMS 0x0000000089a00000, 0x0000000089a00000| Untracked 
| 155|0x0000000089b00000, 0x0000000089b00000, 0x0000000089c00000|  0%| F|  |TAMS 0x0000000089b00000, 0x0000000089b00000| Untracked 
| 156|0x0000000089c00000, 0x0000000089c00000, 0x0000000089d00000|  0%| F|  |TAMS 0x0000000089c00000, 0x0000000089c00000| Untracked 
| 157|0x0000000089d00000, 0x0000000089d00000, 0x0000000089e00000|  0%| F|  |TAMS 0x0000000089d00000, 0x0000000089d00000| Untracked 
| 158|0x0000000089e00000, 0x0000000089e00000, 0x0000000089f00000|  0%| F|  |TAMS 0x0000000089e00000, 0x0000000089e00000| Untracked 
| 159|0x0000000089f00000, 0x0000000089f00000, 0x000000008a000000|  0%| F|  |TAMS 0x0000000089f00000, 0x0000000089f00000| Untracked 
| 160|0x000000008a000000, 0x000000008a000000, 0x000000008a100000|  0%| F|  |TAMS 0x000000008a000000, 0x000000008a000000| Untracked 
| 161|0x000000008a100000, 0x000000008a100000, 0x000000008a200000|  0%| F|  |TAMS 0x000000008a100000, 0x000000008a100000| Untracked 
| 162|0x000000008a200000, 0x000000008a200000, 0x000000008a300000|  0%| F|  |TAMS 0x000000008a200000, 0x000000008a200000| Untracked 
| 163|0x000000008a300000, 0x000000008a300000, 0x000000008a400000|  0%| F|  |TAMS 0x000000008a300000, 0x000000008a300000| Untracked 
| 164|0x000000008a400000, 0x000000008a400000, 0x000000008a500000|  0%| F|  |TAMS 0x000000008a400000, 0x000000008a400000| Untracked 
| 165|0x000000008a500000, 0x000000008a500000, 0x000000008a600000|  0%| F|  |TAMS 0x000000008a500000, 0x000000008a500000| Untracked 
| 166|0x000000008a600000, 0x000000008a600000, 0x000000008a700000|  0%| F|  |TAMS 0x000000008a600000, 0x000000008a600000| Untracked 
| 167|0x000000008a700000, 0x000000008a700000, 0x000000008a800000|  0%| F|  |TAMS 0x000000008a700000, 0x000000008a700000| Untracked 
| 168|0x000000008a800000, 0x000000008a800000, 0x000000008a900000|  0%| F|  |TAMS 0x000000008a800000, 0x000000008a800000| Untracked 
| 169|0x000000008a900000, 0x000000008a900000, 0x000000008aa00000|  0%| F|  |TAMS 0x000000008a900000, 0x000000008a900000| Untracked 
| 170|0x000000008aa00000, 0x000000008aa00000, 0x000000008ab00000|  0%| F|  |TAMS 0x000000008aa00000, 0x000000008aa00000| Untracked 
| 171|0x000000008ab00000, 0x000000008ab00000, 0x000000008ac00000|  0%| F|  |TAMS 0x000000008ab00000, 0x000000008ab00000| Untracked 
| 172|0x000000008ac00000, 0x000000008ac00000, 0x000000008ad00000|  0%| F|  |TAMS 0x000000008ac00000, 0x000000008ac00000| Untracked 
| 173|0x000000008ad00000, 0x000000008ad00000, 0x000000008ae00000|  0%| F|  |TAMS 0x000000008ad00000, 0x000000008ad00000| Untracked 
| 174|0x000000008ae00000, 0x000000008ae00000, 0x000000008af00000|  0%| F|  |TAMS 0x000000008ae00000, 0x000000008ae00000| Untracked 
| 175|0x000000008af00000, 0x000000008af00000, 0x000000008b000000|  0%| F|  |TAMS 0x000000008af00000, 0x000000008af00000| Untracked 
| 176|0x000000008b000000, 0x000000008b000000, 0x000000008b100000|  0%| F|  |TAMS 0x000000008b000000, 0x000000008b000000| Untracked 
| 177|0x000000008b100000, 0x000000008b100000, 0x000000008b200000|  0%| F|  |TAMS 0x000000008b100000, 0x000000008b100000| Untracked 
| 178|0x000000008b200000, 0x000000008b29fb88, 0x000000008b300000| 62%| E|  |TAMS 0x000000008b200000, 0x000000008b200000| Complete 
| 179|0x000000008b300000, 0x000000008b400000, 0x000000008b400000|100%| E|CS|TAMS 0x000000008b300000, 0x000000008b300000| Complete 
| 180|0x000000008b400000, 0x000000008b500000, 0x000000008b500000|100%| E|CS|TAMS 0x000000008b400000, 0x000000008b400000| Complete 
| 181|0x000000008b500000, 0x000000008b600000, 0x000000008b600000|100%| E|CS|TAMS 0x000000008b500000, 0x000000008b500000| Complete 
| 182|0x000000008b600000, 0x000000008b700000, 0x000000008b700000|100%| E|CS|TAMS 0x000000008b600000, 0x000000008b600000| Complete 
| 183|0x000000008b700000, 0x000000008b800000, 0x000000008b800000|100%| E|CS|TAMS 0x000000008b700000, 0x000000008b700000| Complete 
| 184|0x000000008b800000, 0x000000008b900000, 0x000000008b900000|100%| E|CS|TAMS 0x000000008b800000, 0x000000008b800000| Complete 
| 185|0x000000008b900000, 0x000000008ba00000, 0x000000008ba00000|100%| E|CS|TAMS 0x000000008b900000, 0x000000008b900000| Complete 
| 186|0x000000008ba00000, 0x000000008bb00000, 0x000000008bb00000|100%| E|CS|TAMS 0x000000008ba00000, 0x000000008ba00000| Complete 
| 187|0x000000008bb00000, 0x000000008bc00000, 0x000000008bc00000|100%| E|CS|TAMS 0x000000008bb00000, 0x000000008bb00000| Complete 
| 188|0x000000008bc00000, 0x000000008bd00000, 0x000000008bd00000|100%| E|CS|TAMS 0x000000008bc00000, 0x000000008bc00000| Complete 
| 189|0x000000008bd00000, 0x000000008be00000, 0x000000008be00000|100%| E|CS|TAMS 0x000000008bd00000, 0x000000008bd00000| Complete 
| 190|0x000000008be00000, 0x000000008bf00000, 0x000000008bf00000|100%| E|CS|TAMS 0x000000008be00000, 0x000000008be00000| Complete 
| 191|0x000000008bf00000, 0x000000008c000000, 0x000000008c000000|100%| E|CS|TAMS 0x000000008bf00000, 0x000000008bf00000| Complete 
| 192|0x000000008c000000, 0x000000008c100000, 0x000000008c100000|100%| E|CS|TAMS 0x000000008c000000, 0x000000008c000000| Complete 
| 193|0x000000008c100000, 0x000000008c200000, 0x000000008c200000|100%| E|CS|TAMS 0x000000008c100000, 0x000000008c100000| Complete 
| 194|0x000000008c200000, 0x000000008c300000, 0x000000008c300000|100%| E|CS|TAMS 0x000000008c200000, 0x000000008c200000| Complete 
| 195|0x000000008c300000, 0x000000008c400000, 0x000000008c400000|100%| E|CS|TAMS 0x000000008c300000, 0x000000008c300000| Complete 
| 196|0x000000008c400000, 0x000000008c500000, 0x000000008c500000|100%| E|CS|TAMS 0x000000008c400000, 0x000000008c400000| Complete 
| 197|0x000000008c500000, 0x000000008c600000, 0x000000008c600000|100%| E|CS|TAMS 0x000000008c500000, 0x000000008c500000| Complete 
| 198|0x000000008c600000, 0x000000008c700000, 0x000000008c700000|100%| E|CS|TAMS 0x000000008c600000, 0x000000008c600000| Complete 
| 199|0x000000008c700000, 0x000000008c800000, 0x000000008c800000|100%| E|CS|TAMS 0x000000008c700000, 0x000000008c700000| Complete 
| 200|0x000000008c800000, 0x000000008c900000, 0x000000008c900000|100%| E|CS|TAMS 0x000000008c800000, 0x000000008c800000| Complete 
| 201|0x000000008c900000, 0x000000008ca00000, 0x000000008ca00000|100%| E|CS|TAMS 0x000000008c900000, 0x000000008c900000| Complete 
| 202|0x000000008ca00000, 0x000000008cb00000, 0x000000008cb00000|100%| E|  |TAMS 0x000000008ca00000, 0x000000008ca00000| Complete 
| 203|0x000000008cb00000, 0x000000008cc00000, 0x000000008cc00000|100%| E|CS|TAMS 0x000000008cb00000, 0x000000008cb00000| Complete 
| 204|0x000000008cc00000, 0x000000008cd00000, 0x000000008cd00000|100%| E|CS|TAMS 0x000000008cc00000, 0x000000008cc00000| Complete 
| 205|0x000000008cd00000, 0x000000008ce00000, 0x000000008ce00000|100%| E|CS|TAMS 0x000000008cd00000, 0x000000008cd00000| Complete 
| 206|0x000000008ce00000, 0x000000008cf00000, 0x000000008cf00000|100%| E|CS|TAMS 0x000000008ce00000, 0x000000008ce00000| Complete 
| 207|0x000000008cf00000, 0x000000008d000000, 0x000000008d000000|100%| E|CS|TAMS 0x000000008cf00000, 0x000000008cf00000| Complete 
| 208|0x000000008d000000, 0x000000008d100000, 0x000000008d100000|100%| E|CS|TAMS 0x000000008d000000, 0x000000008d000000| Complete 
| 209|0x000000008d100000, 0x000000008d200000, 0x000000008d200000|100%| E|CS|TAMS 0x000000008d100000, 0x000000008d100000| Complete 
| 210|0x000000008d200000, 0x000000008d300000, 0x000000008d300000|100%| E|CS|TAMS 0x000000008d200000, 0x000000008d200000| Complete 
| 211|0x000000008d300000, 0x000000008d400000, 0x000000008d400000|100%| E|CS|TAMS 0x000000008d300000, 0x000000008d300000| Complete 
| 212|0x000000008d400000, 0x000000008d500000, 0x000000008d500000|100%| E|CS|TAMS 0x000000008d400000, 0x000000008d400000| Complete 
| 213|0x000000008d500000, 0x000000008d600000, 0x000000008d600000|100%| E|CS|TAMS 0x000000008d500000, 0x000000008d500000| Complete 
| 214|0x000000008d600000, 0x000000008d700000, 0x000000008d700000|100%| E|CS|TAMS 0x000000008d600000, 0x000000008d600000| Complete 
| 215|0x000000008d700000, 0x000000008d800000, 0x000000008d800000|100%| E|CS|TAMS 0x000000008d700000, 0x000000008d700000| Complete 
| 216|0x000000008d800000, 0x000000008d900000, 0x000000008d900000|100%| E|CS|TAMS 0x000000008d800000, 0x000000008d800000| Complete 
| 217|0x000000008d900000, 0x000000008da00000, 0x000000008da00000|100%| E|CS|TAMS 0x000000008d900000, 0x000000008d900000| Complete 
| 218|0x000000008da00000, 0x000000008db00000, 0x000000008db00000|100%| E|CS|TAMS 0x000000008da00000, 0x000000008da00000| Complete 
| 219|0x000000008db00000, 0x000000008dc00000, 0x000000008dc00000|100%| E|CS|TAMS 0x000000008db00000, 0x000000008db00000| Complete 
| 220|0x000000008dc00000, 0x000000008dd00000, 0x000000008dd00000|100%| E|CS|TAMS 0x000000008dc00000, 0x000000008dc00000| Complete 
| 221|0x000000008dd00000, 0x000000008ddb2880, 0x000000008de00000| 69%| S|CS|TAMS 0x000000008dd00000, 0x000000008dd00000| Complete 
| 222|0x000000008de00000, 0x000000008df00000, 0x000000008df00000|100%| S|CS|TAMS 0x000000008de00000, 0x000000008de00000| Complete 
| 223|0x000000008df00000, 0x000000008e000000, 0x000000008e000000|100%| S|CS|TAMS 0x000000008df00000, 0x000000008df00000| Complete 
| 224|0x000000008e000000, 0x000000008e100000, 0x000000008e100000|100%| S|CS|TAMS 0x000000008e000000, 0x000000008e000000| Complete 
| 225|0x000000008e100000, 0x000000008e200000, 0x000000008e200000|100%| S|CS|TAMS 0x000000008e100000, 0x000000008e100000| Complete 
| 226|0x000000008e200000, 0x000000008e300000, 0x000000008e300000|100%| S|CS|TAMS 0x000000008e200000, 0x000000008e200000| Complete 
| 227|0x000000008e300000, 0x000000008e400000, 0x000000008e400000|100%| E|CS|TAMS 0x000000008e300000, 0x000000008e300000| Complete 
| 228|0x000000008e400000, 0x000000008e500000, 0x000000008e500000|100%| E|CS|TAMS 0x000000008e400000, 0x000000008e400000| Complete 
| 229|0x000000008e500000, 0x000000008e600000, 0x000000008e600000|100%| E|CS|TAMS 0x000000008e500000, 0x000000008e500000| Complete 
| 230|0x000000008e600000, 0x000000008e700000, 0x000000008e700000|100%| E|CS|TAMS 0x000000008e600000, 0x000000008e600000| Complete 
| 231|0x000000008e700000, 0x000000008e800000, 0x000000008e800000|100%| E|CS|TAMS 0x000000008e700000, 0x000000008e700000| Complete 
| 232|0x000000008e800000, 0x000000008e900000, 0x000000008e900000|100%| E|CS|TAMS 0x000000008e800000, 0x000000008e800000| Complete 
| 233|0x000000008e900000, 0x000000008ea00000, 0x000000008ea00000|100%| E|CS|TAMS 0x000000008e900000, 0x000000008e900000| Complete 
| 234|0x000000008ea00000, 0x000000008eb00000, 0x000000008eb00000|100%| E|CS|TAMS 0x000000008ea00000, 0x000000008ea00000| Complete 
| 235|0x000000008eb00000, 0x000000008ec00000, 0x000000008ec00000|100%| E|CS|TAMS 0x000000008eb00000, 0x000000008eb00000| Complete 
| 236|0x000000008ec00000, 0x000000008ed00000, 0x000000008ed00000|100%| E|CS|TAMS 0x000000008ec00000, 0x000000008ec00000| Complete 
| 237|0x000000008ed00000, 0x000000008ee00000, 0x000000008ee00000|100%| E|CS|TAMS 0x000000008ed00000, 0x000000008ed00000| Complete 
| 238|0x000000008ee00000, 0x000000008ef00000, 0x000000008ef00000|100%| E|CS|TAMS 0x000000008ee00000, 0x000000008ee00000| Complete 
| 239|0x000000008ef00000, 0x000000008f000000, 0x000000008f000000|100%| E|CS|TAMS 0x000000008ef00000, 0x000000008ef00000| Complete 
| 240|0x000000008f000000, 0x000000008f100000, 0x000000008f100000|100%| E|CS|TAMS 0x000000008f000000, 0x000000008f000000| Complete 
| 241|0x000000008f100000, 0x000000008f200000, 0x000000008f200000|100%| E|CS|TAMS 0x000000008f100000, 0x000000008f100000| Complete 
| 242|0x000000008f200000, 0x000000008f300000, 0x000000008f300000|100%| E|CS|TAMS 0x000000008f200000, 0x000000008f200000| Complete 
| 243|0x000000008f300000, 0x000000008f400000, 0x000000008f400000|100%| E|CS|TAMS 0x000000008f300000, 0x000000008f300000| Complete 
| 244|0x000000008f400000, 0x000000008f500000, 0x000000008f500000|100%| E|CS|TAMS 0x000000008f400000, 0x000000008f400000| Complete 
| 245|0x000000008f500000, 0x000000008f600000, 0x000000008f600000|100%| E|CS|TAMS 0x000000008f500000, 0x000000008f500000| Complete 
| 246|0x000000008f600000, 0x000000008f700000, 0x000000008f700000|100%| E|CS|TAMS 0x000000008f600000, 0x000000008f600000| Complete 
| 247|0x000000008f700000, 0x000000008f800000, 0x000000008f800000|100%| E|CS|TAMS 0x000000008f700000, 0x000000008f700000| Complete 
| 248|0x000000008f800000, 0x000000008f900000, 0x000000008f900000|100%| E|CS|TAMS 0x000000008f800000, 0x000000008f800000| Complete 
| 249|0x000000008f900000, 0x000000008fa00000, 0x000000008fa00000|100%| E|CS|TAMS 0x000000008f900000, 0x000000008f900000| Complete 
| 250|0x000000008fa00000, 0x000000008fb00000, 0x000000008fb00000|100%| E|CS|TAMS 0x000000008fa00000, 0x000000008fa00000| Complete 
| 251|0x000000008fb00000, 0x000000008fc00000, 0x000000008fc00000|100%| E|CS|TAMS 0x000000008fb00000, 0x000000008fb00000| Complete 

Card table byte_map: [0x000001d14cf10000,0x000001d14d310000] _byte_map_base: 0x000001d14cb10000

Marking Bits (Prev, Next): (CMBitMap*) 0x000001d134c64b98, (CMBitMap*) 0x000001d134c64bd0
 Prev Bits: [0x000001d14d710000, 0x000001d14f710000)
 Next Bits: [0x000001d14f710000, 0x000001d151710000)

Polling page: 0x000001d1329b0000

Metaspace:

Usage:
  Non-class:     36.36 MB capacity,    35.65 MB ( 98%) used,   618.53 KB (  2%) free+waste,   107.44 KB ( <1%) overhead. 
      Class:      5.48 MB capacity,     5.09 MB ( 93%) used,   349.41 KB (  6%) free+waste,    51.88 KB ( <1%) overhead. 
       Both:     41.85 MB capacity,    40.75 MB ( 97%) used,   967.95 KB (  2%) free+waste,   159.31 KB ( <1%) overhead. 

Virtual space:
  Non-class space:       40.00 MB reserved,      36.58 MB ( 91%) committed 
      Class space:      504.00 MB reserved,       5.50 MB (  1%) committed 
             Both:      544.00 MB reserved,      42.08 MB (  8%) committed 

Chunk freelists:
   Non-Class:  27.00 KB
       Class:  15.00 KB
        Both:  42.00 KB

MaxMetaspaceSize: 512.00 MB
CompressedClassSpaceSize: 504.00 MB
Initial GC threshold: 20.80 MB
Current GC threshold: 58.88 MB
CDS: off

CodeHeap 'non-profiled nmethods': size=119168Kb used=1640Kb max_used=1640Kb free=117527Kb
 bounds [0x000001d144f30000, 0x000001d1451a0000, 0x000001d14c390000]
CodeHeap 'profiled nmethods': size=119168Kb used=8651Kb max_used=8651Kb free=110516Kb
 bounds [0x000001d13dad0000, 0x000001d13e350000, 0x000001d144f30000]
CodeHeap 'non-nmethods': size=7424Kb used=3399Kb max_used=3412Kb free=4024Kb
 bounds [0x000001d13d390000, 0x000001d13d6f0000, 0x000001d13dad0000]
 total_blobs=4694 nmethods=3925 adapters=679
 compilation: enabled
              stopped_count=0, restarted_count=0
 full_count=0

Compilation events (20 events):
Event: 12.134 Thread 0x000001d155065800 nmethod 3982 0x000001d13e339810 code [0x000001d13e339b20, 0x000001d13e33ab28]
Event: 12.138 Thread 0x000001d155f25800 3983       2       org.gradle.internal.logging.text.AbstractLineChoppingStyledTextOutput$1::execute (9 bytes)
Event: 12.138 Thread 0x000001d1550f2000 3984       2       org.gradle.internal.logging.text.AbstractLineChoppingStyledTextOutput$1::execute (140 bytes)
Event: 12.138 Thread 0x000001d155f25800 nmethod 3983 0x000001d13e33b110 code [0x000001d13e33b2c0, 0x000001d13e33b408]
Event: 12.139 Thread 0x000001d1550f2000 nmethod 3984 0x000001d13e33b510 code [0x000001d13e33b740, 0x000001d13e33bbd8]
Event: 12.145 Thread 0x000001d155065800 3985       3       java.lang.ModuleLayer::boot (4 bytes)
Event: 12.145 Thread 0x000001d155065800 nmethod 3985 0x000001d13e33c010 code [0x000001d13e33c1c0, 0x000001d13e33c2b8]
Event: 12.145 Thread 0x000001d155f25800 3986       3       java.lang.StackTraceElement::<init> (10 bytes)
Event: 12.146 Thread 0x000001d155f25800 nmethod 3986 0x000001d13e33c310 code [0x000001d13e33c4c0, 0x000001d13e33c618]
Event: 12.146 Thread 0x000001d1550f2000 3987  s!   3       java.lang.StackTraceElement::computeFormat (71 bytes)
Event: 12.146 Thread 0x000001d155065800 3988       3       java.lang.StackTraceElement::isHashedInJavaBase (31 bytes)
Event: 12.146 Thread 0x000001d155f25800 3989       3       java.lang.Module::getLayer (43 bytes)
Event: 12.146 Thread 0x000001d155f25800 nmethod 3989 0x000001d13e33c710 code [0x000001d13e33c900, 0x000001d13e33cc88]
Event: 12.146 Thread 0x000001d155065800 nmethod 3988 0x000001d13e33cd90 code [0x000001d13e33cfa0, 0x000001d13e33d478]
Event: 12.147 Thread 0x000001d1550f2000 nmethod 3987 0x000001d13e33d610 code [0x000001d13e33d840, 0x000001d13e33e178]
Event: 12.149 Thread 0x000001d155f25800 3990       1       java.util.logging.Logger::getName (5 bytes)
Event: 12.149 Thread 0x000001d155f25800 nmethod 3990 0x000001d1450c8e90 code [0x000001d1450c9040, 0x000001d1450c90f8]
Event: 12.150 Thread 0x000001d155065800 3991       1       java.lang.StackTraceElement::getClassName (5 bytes)
Event: 12.150 Thread 0x000001d155065800 nmethod 3991 0x000001d1450c9190 code [0x000001d1450c9340, 0x000001d1450c93f8]
Event: 12.152 Thread 0x000001d1550f2000 3992       3       org.codehaus.groovy.runtime.StackTraceUtils::isApplicationClass (84 bytes)

GC Heap History (10 events):
Event: 2.028 GC heap before
{Heap before GC invocations=0 (full 0):
 garbage-first heap   total 258048K, used 27648K [0x0000000080000000, 0x0000000100000000)
  region size 1024K, 24 young (24576K), 0 survivors (0K)
 Metaspace       used 10178K, capacity 10398K, committed 10624K, reserved 526336K
  class space    used 1026K, capacity 1107K, committed 1152K, reserved 516096K
}
Event: 2.048 GC heap after
{Heap after GC invocations=1 (full 0):
 garbage-first heap   total 258048K, used 10562K [0x0000000080000000, 0x0000000100000000)
  region size 1024K, 3 young (3072K), 3 survivors (3072K)
 Metaspace       used 10178K, capacity 10398K, committed 10624K, reserved 526336K
  class space    used 1026K, capacity 1107K, committed 1152K, reserved 516096K
}
Event: 7.494 GC heap before
{Heap before GC invocations=1 (full 0):
 garbage-first heap   total 258048K, used 99650K [0x0000000080000000, 0x0000000100000000)
  region size 1024K, 91 young (93184K), 3 survivors (3072K)
 Metaspace       used 20741K, capacity 21141K, committed 21296K, reserved 536576K
  class space    used 2440K, capacity 2609K, committed 2688K, reserved 516096K
}
Event: 7.510 GC heap after
{Heap after GC invocations=2 (full 0):
 garbage-first heap   total 258048K, used 18031K [0x0000000080000000, 0x0000000100000000)
  region size 1024K, 11 young (11264K), 11 survivors (11264K)
 Metaspace       used 20741K, capacity 21141K, committed 21296K, reserved 536576K
  class space    used 2440K, capacity 2609K, committed 2688K, reserved 516096K
}
Event: 7.824 GC heap before
{Heap before GC invocations=3 (full 0):
 garbage-first heap   total 258048K, used 29295K [0x0000000080000000, 0x0000000100000000)
  region size 1024K, 22 young (22528K), 11 survivors (11264K)
 Metaspace       used 22134K, capacity 22574K, committed 22704K, reserved 536576K
  class space    used 2644K, capacity 2790K, committed 2816K, reserved 516096K
}
Event: 7.830 GC heap after
{Heap after GC invocations=4 (full 0):
 garbage-first heap   total 258048K, used 18862K [0x0000000080000000, 0x0000000100000000)
  region size 1024K, 1 young (1024K), 1 survivors (1024K)
 Metaspace       used 22134K, capacity 22574K, committed 22704K, reserved 536576K
  class space    used 2644K, capacity 2790K, committed 2816K, reserved 516096K
}
Event: 9.959 GC heap before
{Heap before GC invocations=4 (full 0):
 garbage-first heap   total 258048K, used 117166K [0x0000000080000000, 0x0000000100000000)
  region size 1024K, 97 young (99328K), 1 survivors (1024K)
 Metaspace       used 30733K, capacity 31485K, committed 31664K, reserved 544768K
  class space    used 3995K, capacity 4279K, committed 4352K, reserved 516096K
}
Event: 9.963 GC heap after
{Heap after GC invocations=5 (full 0):
 garbage-first heap   total 258048K, used 21771K [0x0000000080000000, 0x0000000100000000)
  region size 1024K, 4 young (4096K), 4 survivors (4096K)
 Metaspace       used 30733K, capacity 31485K, committed 31664K, reserved 544768K
  class space    used 3995K, capacity 4279K, committed 4352K, reserved 516096K
}
Event: 10.652 GC heap before
{Heap before GC invocations=5 (full 0):
 garbage-first heap   total 258048K, used 46347K [0x0000000080000000, 0x0000000100000000)
  region size 1024K, 29 young (29696K), 4 survivors (4096K)
 Metaspace       used 34959K, capacity 35792K, committed 35920K, reserved 548864K
  class space    used 4442K, capacity 4780K, committed 4864K, reserved 516096K
}
Event: 10.662 GC heap after
{Heap after GC invocations=6 (full 0):
 garbage-first heap   total 258048K, used 23854K [0x0000000080000000, 0x0000000100000000)
  region size 1024K, 6 young (6144K), 6 survivors (6144K)
 Metaspace       used 34959K, capacity 35792K, committed 35920K, reserved 548864K
  class space    used 4442K, capacity 4780K, committed 4864K, reserved 516096K
}

Deoptimization events (20 events):
Event: 11.509 Thread 0x000001d157453000 Uncommon trap: trap_request=0xffffff4d fr.pc=0x000001d144fbe970 relative=0x0000000000001970
Event: 11.509 Thread 0x000001d157453000 Uncommon trap: reason=unstable_if action=reinterpret pc=0x000001d144fbe970 method=java.util.zip.ZipFile$Source.initCEN(ILjava/util/zip/ZipCoder;)V @ 669 c2
Event: 11.509 Thread 0x000001d157453000 DEOPT PACKING pc=0x000001d144fbe970 sp=0x000000cc77ef4960
Event: 11.509 Thread 0x000001d157453000 DEOPT UNPACKING pc=0x000001d13d3da1af sp=0x000000cc77ef4920 mode 2
Event: 11.513 Thread 0x000001d157453000 Uncommon trap: trap_request=0xffffff4d fr.pc=0x000001d14507fbec relative=0x000000000000068c
Event: 11.513 Thread 0x000001d157453000 Uncommon trap: reason=unstable_if action=reinterpret pc=0x000001d14507fbec method=java.lang.Class.getPackageName()Ljava/lang/String; @ 55 c2
Event: 11.513 Thread 0x000001d157453000 DEOPT PACKING pc=0x000001d14507fbec sp=0x000000cc77ef8600
Event: 11.513 Thread 0x000001d157453000 DEOPT UNPACKING pc=0x000001d13d3da1af sp=0x000000cc77ef85c0 mode 2
Event: 11.806 Thread 0x000001d157453000 Uncommon trap: trap_request=0xffffffcc fr.pc=0x000001d1450ba2f0 relative=0x00000000000002b0
Event: 11.806 Thread 0x000001d157453000 Uncommon trap: reason=intrinsic_or_type_checked_inlining action=make_not_entrant pc=0x000001d1450ba2f0 method=java.util.Arrays.copyOf([Ljava/lang/Object;ILjava/lang/Class;)[Ljava/lang/Object; @ 35 c2
Event: 11.806 Thread 0x000001d157453000 DEOPT PACKING pc=0x000001d1450ba2f0 sp=0x000000cc77ef9980
Event: 11.806 Thread 0x000001d157453000 DEOPT UNPACKING pc=0x000001d13d3da1af sp=0x000000cc77ef9910 mode 2
Event: 11.814 Thread 0x000001d157453000 Uncommon trap: trap_request=0xffffff4d fr.pc=0x000001d144f53c68 relative=0x0000000000000048
Event: 11.814 Thread 0x000001d157453000 Uncommon trap: reason=unstable_if action=reinterpret pc=0x000001d144f53c68 method=java.net.URI.match(CJJ)Z @ 19 c2
Event: 11.814 Thread 0x000001d157453000 DEOPT PACKING pc=0x000001d144f53c68 sp=0x000000cc77ef9bb0
Event: 11.814 Thread 0x000001d157453000 DEOPT UNPACKING pc=0x000001d13d3da1af sp=0x000000cc77ef9b60 mode 2
Event: 12.084 Thread 0x000001d157453000 Uncommon trap: trap_request=0xffffff4d fr.pc=0x000001d144fef994 relative=0x00000000000013d4
Event: 12.084 Thread 0x000001d157453000 Uncommon trap: reason=unstable_if action=reinterpret pc=0x000001d144fef994 method=java.util.concurrent.ConcurrentHashMap.putVal(Ljava/lang/Object;Ljava/lang/Object;Z)Ljava/lang/Object; @ 231 c2
Event: 12.084 Thread 0x000001d157453000 DEOPT PACKING pc=0x000001d144fef994 sp=0x000000cc77ef6db0
Event: 12.084 Thread 0x000001d157453000 DEOPT UNPACKING pc=0x000001d13d3da1af sp=0x000000cc77ef6d30 mode 2

Classes redefined (0 events):
No events

Internal exceptions (20 events):
Event: 12.027 Thread 0x000001d157453000 Exception <a 'java/lang/ClassNotFoundException'{0x000000008b9e6f88}: ReactNativeModulesBeanInfo> (0x000000008b9e6f88) thrown at [s\src\hotspot\share\classfile\systemDictionary.cpp, line 230]
Event: 12.027 Thread 0x000001d157453000 Exception <a 'java/lang/ClassNotFoundException'{0x000000008b9ee408}: ReactNativeModulesCustomizer> (0x000000008b9ee408) thrown at [s\src\hotspot\share\classfile\systemDictionary.cpp, line 230]
Event: 12.049 Thread 0x000001d157453000 Exception <a 'java/lang/ClassNotFoundException'{0x000000008b75ecb0}: java/util/ArrayListBeanInfo> (0x000000008b75ecb0) thrown at [s\src\hotspot\share\classfile\systemDictionary.cpp, line 230]
Event: 12.049 Thread 0x000001d157453000 Exception <a 'java/lang/ClassNotFoundException'{0x000000008b7647c8}: java/util/AbstractListBeanInfo> (0x000000008b7647c8) thrown at [s\src\hotspot\share\classfile\systemDictionary.cpp, line 230]
Event: 12.050 Thread 0x000001d157453000 Exception <a 'java/lang/ClassNotFoundException'{0x000000008b76a1f8}: java/util/AbstractCollectionBeanInfo> (0x000000008b76a1f8) thrown at [s\src\hotspot\share\classfile\systemDictionary.cpp, line 230]
Event: 12.050 Thread 0x000001d157453000 Exception <a 'java/lang/ClassNotFoundException'{0x000000008b76fc08}: java/util/AbstractCollectionCustomizer> (0x000000008b76fc08) thrown at [s\src\hotspot\share\classfile\systemDictionary.cpp, line 230]
Event: 12.053 Thread 0x000001d157453000 Exception <a 'java/lang/ClassNotFoundException'{0x000000008b77e8a0}: java/util/AbstractListCustomizer> (0x000000008b77e8a0) thrown at [s\src\hotspot\share\classfile\systemDictionary.cpp, line 230]
Event: 12.055 Thread 0x000001d157453000 Exception <a 'java/lang/ClassNotFoundException'{0x000000008b78f5d8}: java/util/ArrayListCustomizer> (0x000000008b78f5d8) thrown at [s\src\hotspot\share\classfile\systemDictionary.cpp, line 230]
Event: 12.066 Thread 0x000001d157453000 Exception <a 'java/lang/ClassNotFoundException'{0x000000008b60c460}: java/util/HashMapBeanInfo> (0x000000008b60c460) thrown at [s\src\hotspot\share\classfile\systemDictionary.cpp, line 230]
Event: 12.066 Thread 0x000001d157453000 Exception <a 'java/lang/ClassNotFoundException'{0x000000008b611e48}: java/util/AbstractMapBeanInfo> (0x000000008b611e48) thrown at [s\src\hotspot\share\classfile\systemDictionary.cpp, line 230]
Event: 12.067 Thread 0x000001d157453000 Exception <a 'java/lang/ClassNotFoundException'{0x000000008b6178b0}: java/util/AbstractMapCustomizer> (0x000000008b6178b0) thrown at [s\src\hotspot\share\classfile\systemDictionary.cpp, line 230]
Event: 12.068 Thread 0x000001d157453000 Exception <a 'java/lang/ClassNotFoundException'{0x000000008b626ed0}: java/util/HashMapCustomizer> (0x000000008b626ed0) thrown at [s\src\hotspot\share\classfile\systemDictionary.cpp, line 230]
Event: 12.089 Thread 0x000001d157453000 Exception <a 'java/lang/ClassNotFoundException'{0x000000008b6da480}: java/lang/RuntimeBeanInfo> (0x000000008b6da480) thrown at [s\src\hotspot\share\classfile\systemDictionary.cpp, line 230]
Event: 12.089 Thread 0x000001d157453000 Exception <a 'java/lang/ClassNotFoundException'{0x000000008b6dfe38}: java/lang/RuntimeCustomizer> (0x000000008b6dfe38) thrown at [s\src\hotspot\share\classfile\systemDictionary.cpp, line 230]
Event: 12.099 Thread 0x000001d157453000 Exception <a 'java/io/IOException'{0x000000008b508378}: CreateProcess error=1455, The paging file is too small for this operation to complete> (0x000000008b508378) thrown at [s\src\hotspot\share\prims\jni.cpp, line 638]
Event: 12.105 Thread 0x000001d157453000 Exception <a 'java/lang/ClassNotFoundException'{0x000000008b56cc90}: org/gradle/internal/logging/slf4j/OutputEventListenerBackedLoggerBeanInfo> (0x000000008b56cc90) thrown at [s\src\hotspot\share\classfile\systemDictionary.cpp, line 230]
Event: 12.106 Thread 0x000001d157453000 Exception <a 'java/lang/ClassNotFoundException'{0x000000008b59a468}: org/gradle/internal/logging/slf4j/BuildOperationAwareLoggerBeanInfo> (0x000000008b59a468) thrown at [s\src\hotspot\share\classfile\systemDictionary.cpp, line 230]
Event: 12.107 Thread 0x000001d157453000 Exception <a 'java/lang/ClassNotFoundException'{0x000000008b5c7b18}: org/gradle/internal/logging/slf4j/BuildOperationAwareLoggerCustomizer> (0x000000008b5c7b18) thrown at [s\src\hotspot\share\classfile\systemDictionary.cpp, line 230]
Event: 12.110 Thread 0x000001d157453000 Exception <a 'java/lang/ClassNotFoundException'{0x000000008b4285b8}: org/gradle/internal/logging/slf4j/OutputEventListenerBackedLoggerCustomizer> (0x000000008b4285b8) thrown at [s\src\hotspot\share\classfile\systemDictionary.cpp, line 230]
Event: 12.139 Thread 0x000001d157453000 Exception <a 'java/lang/reflect/InvocationTargetException'{0x000000008b363d20}> (0x000000008b363d20) thrown at [s\src\hotspot\share\runtime\reflection.cpp, line 1245]

Events (20 events):
Event: 12.147 loading class org/codehaus/groovy/runtime/StackTraceUtils
Event: 12.147 loading class org/codehaus/groovy/runtime/StackTraceUtils done
Event: 12.149 loading class org/gradle/internal/serialize/Message
Event: 12.149 loading class org/gradle/internal/serialize/Message done
Event: 12.150 loading class java/io/ObjectOutputStream$BlockDataOutputStream
Event: 12.150 loading class java/io/ObjectOutputStream$BlockDataOutputStream done
Event: 12.150 loading class java/util/logging/LogRecord
Event: 12.150 loading class java/io/ObjectOutputStream$HandleTable
Event: 12.151 loading class java/io/ObjectOutputStream$HandleTable done
Event: 12.151 loading class java/io/ObjectOutputStream$ReplaceTable
Event: 12.151 loading class java/util/logging/LogRecord done
Event: 12.151 loading class java/time/Clock
Event: 12.151 loading class java/io/ObjectOutputStream$ReplaceTable done
Event: 12.151 loading class java/io/Bits
Event: 12.152 loading class java/io/Bits done
Event: 12.152 loading class java/time/Clock done
Event: 12.152 loading class java/time/Clock$SystemClock
Event: 12.152 loading class org/gradle/internal/serialize/ExceptionReplacingObjectOutputStream$1
Event: 12.152 loading class org/gradle/internal/serialize/ExceptionReplacingObjectOutputStream$1 done
Event: 12.152 loading class java/time/Clock$SystemClock done


Dynamic libraries:
0x00007ff700be0000 - 0x00007ff700bed000 	C:\Program Files\Microsoft\jdk-11.0.20.8-hotspot\bin\java.exe
0x00007ffab2df0000 - 0x00007ffab3007000 	C:\WINDOWS\SYSTEM32\ntdll.dll
0x00007ffab1680000 - 0x00007ffab1744000 	C:\WINDOWS\System32\KERNEL32.DLL
0x00007ffab0100000 - 0x00007ffab04a6000 	C:\WINDOWS\System32\KERNELBASE.dll
0x00007ffab0750000 - 0x00007ffab0861000 	C:\WINDOWS\System32\ucrtbase.dll
0x00007ffaa7650000 - 0x00007ffaa7667000 	C:\Program Files\Microsoft\jdk-11.0.20.8-hotspot\bin\jli.dll
0x00007ffaab200000 - 0x00007ffaab215000 	C:\Program Files\Microsoft\jdk-11.0.20.8-hotspot\bin\VCRUNTIME140.dll
0x00007ffab2a80000 - 0x00007ffab2c2e000 	C:\WINDOWS\System32\USER32.dll
0x00007ffaa04f0000 - 0x00007ffaa0783000 	C:\WINDOWS\WinSxS\amd64_microsoft.windows.common-controls_6595b64144ccf1df_6.0.22621.2506_none_270c5ae97388e100\COMCTL32.dll
0x00007ffab0870000 - 0x00007ffab0896000 	C:\WINDOWS\System32\win32u.dll
0x00007ffab1140000 - 0x00007ffab11e7000 	C:\WINDOWS\System32\msvcrt.dll
0x00007ffab2140000 - 0x00007ffab2169000 	C:\WINDOWS\System32\GDI32.dll
0x00007ffab09c0000 - 0x00007ffab0ad8000 	C:\WINDOWS\System32\gdi32full.dll
0x00007ffab0920000 - 0x00007ffab09ba000 	C:\WINDOWS\System32\msvcp_win.dll
0x00007ffab2c60000 - 0x00007ffab2c91000 	C:\WINDOWS\System32\IMM32.DLL
0x00007ffa6e5e0000 - 0x00007ffa6e67b000 	C:\Program Files\Microsoft\jdk-11.0.20.8-hotspot\bin\msvcp140.dll
0x00007ffa0ec10000 - 0x00007ffa0f7a6000 	C:\Program Files\Microsoft\jdk-11.0.20.8-hotspot\bin\server\jvm.dll
0x00007ffab1000000 - 0x00007ffab10b3000 	C:\WINDOWS\System32\ADVAPI32.dll
0x00007ffab2170000 - 0x00007ffab2218000 	C:\WINDOWS\System32\sechost.dll
0x00007ffab0ae0000 - 0x00007ffab0b08000 	C:\WINDOWS\System32\bcrypt.dll
0x00007ffab1450000 - 0x00007ffab1567000 	C:\WINDOWS\System32\RPCRT4.dll
0x00007ffab1670000 - 0x00007ffab1678000 	C:\WINDOWS\System32\PSAPI.DLL
0x00007ffa9b5e0000 - 0x00007ffa9b5e9000 	C:\WINDOWS\SYSTEM32\WSOCK32.dll
0x00007ffab10c0000 - 0x00007ffab1131000 	C:\WINDOWS\System32\WS2_32.dll
0x00007ffaa8670000 - 0x00007ffaa86a4000 	C:\WINDOWS\SYSTEM32\WINMM.dll
0x00007ffaa6660000 - 0x00007ffaa666a000 	C:\WINDOWS\SYSTEM32\VERSION.dll
0x00007ffaaf140000 - 0x00007ffaaf158000 	C:\WINDOWS\SYSTEM32\kernel.appcore.dll
0x00007ffaade80000 - 0x00007ffaade90000 	C:\Program Files\Microsoft\jdk-11.0.20.8-hotspot\bin\verify.dll
0x00007ffaad980000 - 0x00007ffaadbb3000 	C:\WINDOWS\SYSTEM32\DBGHELP.DLL
0x00007ffab2280000 - 0x00007ffab2609000 	C:\WINDOWS\System32\combase.dll
0x00007ffab2ca0000 - 0x00007ffab2d77000 	C:\WINDOWS\System32\OLEAUT32.dll
0x00007ffaa6e30000 - 0x00007ffaa6e62000 	C:\WINDOWS\SYSTEM32\dbgcore.DLL
0x00007ffab08a0000 - 0x00007ffab091a000 	C:\WINDOWS\System32\bcryptPrimitives.dll
0x00007ffa84700000 - 0x00007ffa84728000 	C:\Program Files\Microsoft\jdk-11.0.20.8-hotspot\bin\java.dll
0x00007ffaade20000 - 0x00007ffaade2a000 	C:\Program Files\Microsoft\jdk-11.0.20.8-hotspot\bin\jimage.dll
0x00007ffa839b0000 - 0x00007ffa839c8000 	C:\Program Files\Microsoft\jdk-11.0.20.8-hotspot\bin\zip.dll
0x00007ffab17e0000 - 0x00007ffab203b000 	C:\WINDOWS\System32\SHELL32.dll
0x00007ffaae060000 - 0x00007ffaae956000 	C:\WINDOWS\SYSTEM32\windows.storage.dll
0x00007ffaadf20000 - 0x00007ffaae05e000 	C:\WINDOWS\SYSTEM32\wintypes.dll
0x00007ffab1570000 - 0x00007ffab1663000 	C:\WINDOWS\System32\SHCORE.dll
0x00007ffab0fa0000 - 0x00007ffab0ffe000 	C:\WINDOWS\System32\shlwapi.dll
0x00007ffab0030000 - 0x00007ffab0056000 	C:\WINDOWS\SYSTEM32\profapi.dll
0x00007ffa82a50000 - 0x00007ffa82a69000 	C:\Program Files\Microsoft\jdk-11.0.20.8-hotspot\bin\net.dll
0x00007ffaaab90000 - 0x00007ffaaacc7000 	C:\WINDOWS\SYSTEM32\WINHTTP.dll
0x00007ffaaf5c0000 - 0x00007ffaaf629000 	C:\WINDOWS\system32\mswsock.dll
0x00007ffa81a80000 - 0x00007ffa81a93000 	C:\Program Files\Microsoft\jdk-11.0.20.8-hotspot\bin\nio.dll
0x00007ffa80de0000 - 0x00007ffa80e07000 	C:\Users\Techbumbles\.gradle\native\68d5fa5c4cc2d200863cafc0d521ce42e7d3e7ee720ec0a83991735586a16f82\windows-amd64\native-platform.dll
0x00007ffa628a0000 - 0x00007ffa629e4000 	C:\Users\Techbumbles\.gradle\native\e376f236ea51e6404a007f0833ffe2c6e607c4080706a723a18a27aeea778392\windows-amd64\native-platform-file-events.dll
0x00007ffaa4030000 - 0x00007ffaa4039000 	C:\Program Files\Microsoft\jdk-11.0.20.8-hotspot\bin\management.dll
0x00007ffa90bc0000 - 0x00007ffa90bcb000 	C:\Program Files\Microsoft\jdk-11.0.20.8-hotspot\bin\management_ext.dll
0x00007ffaaf820000 - 0x00007ffaaf83b000 	C:\WINDOWS\SYSTEM32\CRYPTSP.dll
0x00007ffaaf0a0000 - 0x00007ffaaf0d5000 	C:\WINDOWS\system32\rsaenh.dll
0x00007ffaaf6b0000 - 0x00007ffaaf6dc000 	C:\WINDOWS\SYSTEM32\USERENV.dll
0x00007ffaaf810000 - 0x00007ffaaf81c000 	C:\WINDOWS\SYSTEM32\CRYPTBASE.dll
0x00007ffaaebc0000 - 0x00007ffaaebed000 	C:\WINDOWS\SYSTEM32\IPHLPAPI.DLL
0x00007ffab0b10000 - 0x00007ffab0b19000 	C:\WINDOWS\System32\NSI.dll
0x00007ffaaa8d0000 - 0x00007ffaaa8e9000 	C:\WINDOWS\SYSTEM32\dhcpcsvc6.DLL
0x00007ffaaa720000 - 0x00007ffaaa73f000 	C:\WINDOWS\SYSTEM32\dhcpcsvc.DLL
0x00007ffaaec30000 - 0x00007ffaaed29000 	C:\WINDOWS\SYSTEM32\DNSAPI.dll

dbghelp: loaded successfully - version: 4.0.5 - missing functions: none
symbol engine: initialized successfully - sym options: 0x614 - pdb path: .;C:\Program Files\Microsoft\jdk-11.0.20.8-hotspot\bin;C:\WINDOWS\SYSTEM32;C:\WINDOWS\WinSxS\amd64_microsoft.windows.common-controls_6595b64144ccf1df_6.0.22621.2506_none_270c5ae97388e100;C:\Program Files\Microsoft\jdk-11.0.20.8-hotspot\bin\server;C:\Users\Techbumbles\.gradle\native\68d5fa5c4cc2d200863cafc0d521ce42e7d3e7ee720ec0a83991735586a16f82\windows-amd64;C:\Users\Techbumbles\.gradle\native\e376f236ea51e6404a007f0833ffe2c6e607c4080706a723a18a27aeea778392\windows-amd64

VM Arguments:
jvm_args: -XX:MaxMetaspaceSize=512m --add-opens=java.base/java.util=ALL-UNNAMED --add-opens=java.base/java.lang=ALL-UNNAMED --add-opens=java.base/java.lang.invoke=ALL-UNNAMED --add-opens=java.prefs/java.util.prefs=ALL-UNNAMED --add-opens=java.base/java.nio.charset=ALL-UNNAMED --add-opens=java.base/java.net=ALL-UNNAMED --add-opens=java.base/java.util.concurrent.atomic=ALL-UNNAMED -Xmx2048m -Dfile.encoding=windows-1252 -Duser.country=GB -Duser.language=en -Duser.variant 
java_command: org.gradle.launcher.daemon.bootstrap.GradleDaemon 8.0.1
java_class_path (initial): C:\Users\Techbumbles\.gradle\wrapper\dists\gradle-8.0.1-all\aro4hu1c3oeioove7l0i4i14o\gradle-8.0.1\lib\gradle-launcher-8.0.1.jar
Launcher Type: SUN_STANDARD

[Global flags]
     intx CICompilerCount                          = 12                                        {product} {ergonomic}
   size_t CompressedClassSpaceSize                 = 528482304                                 {product} {ergonomic}
     uint ConcGCThreads                            = 3                                         {product} {ergonomic}
     uint G1ConcRefinementThreads                  = 13                                        {product} {ergonomic}
   size_t G1HeapRegionSize                         = 1048576                                   {product} {ergonomic}
    uintx GCDrainStackTargetSize                   = 64                                        {product} {ergonomic}
   size_t InitialHeapSize                          = 264241152                                 {product} {ergonomic}
   size_t MarkStackSize                            = 4194304                                   {product} {ergonomic}
   size_t MaxHeapSize                              = 2147483648                                {product} {command line}
   size_t MaxMetaspaceSize                         = 536870912                                 {product} {command line}
   size_t MaxNewSize                               = 1287651328                                {product} {ergonomic}
   size_t MinHeapDeltaBytes                        = 1048576                                   {product} {ergonomic}
    uintx NonNMethodCodeHeapSize                   = 7594288                                {pd product} {ergonomic}
    uintx NonProfiledCodeHeapSize                  = 122031976                              {pd product} {ergonomic}
    uintx ProfiledCodeHeapSize                     = 122031976                              {pd product} {ergonomic}
    uintx ReservedCodeCacheSize                    = 251658240                              {pd product} {ergonomic}
     bool SegmentedCodeCache                       = true                                      {product} {ergonomic}
     bool UseCompressedClassPointers               = true                                 {lp64_product} {ergonomic}
     bool UseCompressedOops                        = true                                 {lp64_product} {ergonomic}
     bool UseG1GC                                  = true                                      {product} {ergonomic}
     bool UseLargePagesIndividualAllocation        = false                                  {pd product} {ergonomic}

Logging:
Log output configuration:
 #0: stdout all=warning uptime,level,tags
 #1: stderr all=off uptime,level,tags

Environment Variables:
JAVA_HOME=C:\Program Files\Microsoft\jdk-11.0.20.8-hotspot\
CLASSPATH=D:\ITERO\Cubbie Project\cubbie_mediamanager_migration\android\\gradle\wrapper\gradle-wrapper.jar
PATH=C:\Python312\Scripts\;C:\Python312\;C:\Program Files\Microsoft\jdk-11.0.20.8-hotspot\bin;C:\Program Files\Common Files\Oracle\Java\javapath;C:\WINDOWS\system32;C:\WINDOWS;C:\WINDOWS\System32\Wbem;C:\WINDOWS\System32\WindowsPowerShell\v1.0\;C:\WINDOWS\System32\OpenSSH\;C:\Program Files\Amazon\AWSCLIV2\;C:\elastic_stack\elasticsearch-8.5.3\bin;C:\elastic_stack\kibana-8.5.3\bin;C:\mongosh-1.7.1-win32-x64\mongosh-1.7.1-win32-x64\bin;C:\Program Files\MongoDB\Server\6.0\bin;C:\Program Files\Microsoft\jdk-11.0.20.8-hotspot\\bin;C:\Tools\sonar-scanner-cli-4.8.0.2856-windows\sonar-scanner-4.8.0.2856-windows\bin;C:\ProgramData\chocolatey\bin;C:\Program Files\Microsoft SQL Server\150\Tools\Binn\;C:\Program Files\nodejs\;C:\Program Files\Git\cmd;C:\Users\Techbumbles\AppData\Local\Android\Sdk\platform-tools;C:\Users\Techbumbles\AppData\Local\Android\Sdk\tools;C:\Users\Techbumbles\AppData\Local\Android\Sdk\tools;C:\Users\Techbumbles\AppData\Local\Microsoft\WindowsApps;C:\Users\Techbumbles\AppData\Local\GitHubDesktop\bin;C:\Users\Techbumbles\AppData\Local\Android\Sdk\platform-tools;C:\Users\Techbumbles\AppData\Roaming\npm;C:\Users\Techbumbles\AppData\Local\Programs\Microsoft VS Code\bin
USERNAME=Techbumbles
LANG=en_US.UTF-8
OS=Windows_NT
PROCESSOR_IDENTIFIER=Intel64 Family 6 Model 154 Stepping 3, GenuineIntel
TMP=C:\Users\TECHBU~1\AppData\Local\Temp
TEMP=C:\Users\TECHBU~1\AppData\Local\Temp



---------------  S Y S T E M  ---------------

OS: Windows 11 , 64 bit Build 22621 (10.0.22621.3085)
OS uptime: 6 days 0:59 hours

CPU:total 16 (initial active 16) (16 cores per cpu, 1 threads per core) family 6 model 154 stepping 3 microcode 0x429, cmov, cx8, fxsr, mmx, sse, sse2, sse3, ssse3, sse4.1, sse4.2, popcnt, avx, avx2, aes, clmul, erms, 3dnowpref, lzcnt, tsc, tscinvbit, bmi1, bmi2, adx, sha, fma

Memory: 4k page, system-wide physical 16067M (336M free)
TotalPageFile size 41067M (AvailPageFile size 393M)
current process WorkingSet (physical memory assigned to process): 272M, peak: 272M
current process commit charge ("private bytes"): 456M, peak: 457M

vm_info: OpenJDK 64-Bit Server VM (11.0.20+8-LTS) for windows-amd64 JRE (11.0.20+8-LTS), built on Jul  7 2023 17:05:21 by "MicrosoftCorporation" with MS VC++ 15.9 (VS2017)

END.
